#
# A fatal error has been detected by the Java Runtime Environment:
#
#  EXCEPTION_ACCESS_VIOLATION (0xc0000005) at pc=0x00007fffc9f2f61f, pid=12500, tid=10128
#
# JRE version: Java(TM) SE Runtime Environment (8.0_31-b13) (build 1.8.0_31-b13)
# Java VM: Java HotSpot(TM) 64-Bit Server VM (25.31-b07 mixed mode windows-amd64 compressed oops)
# Problematic frame:
# C  [opencv_core2411.dll+0x5f61f]
#
# Failed to write core dump. Minidumps are not enabled by default on client versions of Windows
#
# If you would like to submit a bug report, please visit:
#   http://bugreport.java.com/bugreport/crash.jsp
# The crash happened outside the Java Virtual Machine in native code.
# See problematic frame for where to report the bug.
#

---------------  T H R E A D  ---------------

Current thread (0x0000000020a66000):  JavaThread "Executor task launch worker-1" daemon [_thread_in_native, id=10128, stack(0x0000000022440000,0x0000000022540000)]

siginfo: ExceptionCode=0xc0000005, writing address 0x000000001ed64e98

Registers:
RAX=0x00000000000000f3, RBX=0x00000000012199a9, RCX=0x00000000000000ff, RDX=0x0000000000000001
RSP=0x000000002253d910, RBP=0x000000001ed64e98, RSI=0x0000000000000000, RDI=0x000000000121ea11
R8 =0x000000001db46487, R9 =0x000000001db46487, R10=0xffffffffffffafb7, R11=0x000000002253d970
R12=0x000000001ed5fe30, R13=0x000000001db4143e, R14=0x0000000000000062, R15=0x0000000000000298
RIP=0x00007fffc9f2f61f, EFLAGS=0x0000000000010202

Top of Stack: (sp=0x000000002253d910)
0x000000002253d910:   0000000000000000 0000000000000001
0x000000002253d920:   0000000000000000 0000000000000000
0x000000002253d930:   000000002253da40 00007fffc9f32298
0x000000002253d940:   0000000000000003 0000000000000297
0x000000002253d950:   0000000000000000 0000000000000000
0x000000002253d960:   000000002253d970 0000000000000003
0x000000002253d970:   000000e400000297 fffffffffffffffe
0x000000002253d980:   0000000242ff4010 000000dd000000e4
0x000000002253d990:   000000001db31670 0000000000000000
0x000000002253d9a0:   000000001db31670 000000001db564ec
0x000000002253d9b0:   000000001db564ec 0000000000000000
0x000000002253d9c0:   000000002253d988 000000002253d9d0
0x000000002253d9d0:   0000000000000297 0000000000000003
0x000000002253d9e0:   0000000242ff0010 000000dd000000e4
0x000000002253d9f0:   000000001ed50000 0000000000000000
0x000000002253da00:   000000001ed50000 000000001ed74f5f 

Instructions: (pc=0x00007fffc9f2f61f)
0x00007fffc9f2f5ff:   dc 4d 8b d5 48 8b fd 4d 2b d1 49 2b d9 49 2b f9
0x00007fffc9f2f60f:   90 41 0f b6 00 43 0f b6 0c 10 ff c2 41 88 04 18
0x00007fffc9f2f61f:   41 88 0c 38 49 ff c0 41 3b 13 7c e5 4c 8b 44 24
0x00007fffc9f2f62f:   38 41 8b 43 04 41 ff c6 ff c0 4d 03 e7 49 2b ef 


Register to memory mapping:

RAX=0x00000000000000f3 is an unknown value
RBX=0x00000000012199a9 is an unknown value
RCX=0x00000000000000ff is an unknown value
RDX=0x0000000000000001 is an unknown value
RSP=0x000000002253d910 is pointing into the stack for thread: 0x0000000020a66000
RBP=0x000000001ed64e98 is an unknown value
RSI=0x0000000000000000 is an unknown value
RDI=0x000000000121ea11 is an unknown value
R8 =0x000000001db46487 is an unknown value
R9 =0x000000001db46487 is an unknown value
R10=0xffffffffffffafb7 is an unknown value
R11=0x000000002253d970 is pointing into the stack for thread: 0x0000000020a66000
R12=0x000000001ed5fe30 is an unknown value
R13=0x000000001db4143e is an unknown value
R14=0x0000000000000062 is an unknown value
R15=0x0000000000000298 is an unknown value


Stack: [0x0000000022440000,0x0000000022540000],  sp=0x000000002253d910,  free space=1014k
Native frames: (J=compiled Java code, j=interpreted, Vv=VM code, C=native code)
C  [opencv_core2411.dll+0x5f61f]
C  [opencv_core2411.dll+0x62298]
C  [opencv_core2411.dll+0x63b10]
C  [opencv_highgui2411.dll+0xc725]
C  [opencv_highgui2411.dll+0x12f6e]
C  [opencv_highgui2411.dll+0xe2f1]
C  [jniopencv_highgui.dll+0x1d7d3]
C  0x0000000002665b74

Java frames: (J=compiled Java code, j=interpreted, Vv=VM code)
j  org.bytedeco.javacpp.opencv_highgui.imshow(Ljava/lang/String;Lorg/bytedeco/javacpp/opencv_core$Mat;)V+0
j  edu.umkc.ic.ImageUtils$.descriptors(Ljava/lang/String;)Lorg/bytedeco/javacpp/opencv_core$Mat;+336
j  edu.umkc.ic.IPApp$$anonfun$1.apply(Lscala/Tuple2;)Lscala/collection/immutable/List;+23
j  edu.umkc.ic.IPApp$$anonfun$1.apply(Ljava/lang/Object;)Ljava/lang/Object;+5
j  scala.collection.Iterator$$anon$11.next()Ljava/lang/Object;+13
J 1713 C1 scala.collection.Iterator$class.foreach(Lscala/collection/Iterator;Lscala/Function1;)V (26 bytes) @ 0x000000000298719c [0x00000000029870a0+0xfc]
j  scala.collection.AbstractIterator.foreach(Lscala/Function1;)V+2
j  scala.collection.TraversableOnce$class.reduceLeft(Lscala/collection/TraversableOnce;Lscala/Function2;)Ljava/lang/Object;+44
j  scala.collection.AbstractIterator.reduceLeft(Lscala/Function2;)Ljava/lang/Object;+2
j  org.apache.spark.rdd.RDD$$anonfun$reduce$1$$anonfun$14.apply(Lscala/collection/Iterator;)Lscala/Option;+18
j  org.apache.spark.rdd.RDD$$anonfun$reduce$1$$anonfun$14.apply(Ljava/lang/Object;)Ljava/lang/Object;+5
j  org.apache.spark.SparkContext$$anonfun$36.apply(Lorg/apache/spark/TaskContext;Lscala/collection/Iterator;)Ljava/lang/Object;+5
j  org.apache.spark.SparkContext$$anonfun$36.apply(Ljava/lang/Object;Ljava/lang/Object;)Ljava/lang/Object;+9
j  org.apache.spark.scheduler.ResultTask.runTask(Lorg/apache/spark/TaskContext;)Ljava/lang/Object;+154
j  org.apache.spark.scheduler.Task.run(JI)Ljava/lang/Object;+82
j  org.apache.spark.executor.Executor$TaskRunner.run()V+321
j  java.util.concurrent.ThreadPoolExecutor.runWorker(Ljava/util/concurrent/ThreadPoolExecutor$Worker;)V+95
j  java.util.concurrent.ThreadPoolExecutor$Worker.run()V+5
j  java.lang.Thread.run()V+11
v  ~StubRoutines::call_stub

---------------  P R O C E S S  ---------------

Java Threads: ( => current thread )
=>0x0000000020a66000 JavaThread "Executor task launch worker-1" daemon [_thread_in_native, id=10128, stack(0x0000000022440000,0x0000000022540000)]
  0x0000000020a69000 JavaThread "Executor task launch worker-0" daemon [_thread_in_native, id=13200, stack(0x000000001f8c0000,0x000000001f9c0000)]
  0x0000000020a67000 JavaThread "SparkListenerBus" daemon [_thread_blocked, id=13188, stack(0x000000001fab0000,0x000000001fbb0000)]
  0x0000000020a68800 JavaThread "Spark Context Cleaner" daemon [_thread_blocked, id=1916, stack(0x0000000020ff0000,0x00000000210f0000)]
  0x000000001a15f800 JavaThread "shuffle-server-0" daemon [_thread_in_native, id=5580, stack(0x0000000021170000,0x0000000021270000)]
  0x000000001a15e000 JavaThread "driver-heartbeater" daemon [_thread_blocked, id=10716, stack(0x000000001f7c0000,0x000000001f8c0000)]
  0x000000001a162800 JavaThread "dag-scheduler-event-loop" daemon [_thread_blocked, id=9468, stack(0x000000001f6c0000,0x000000001f7c0000)]
  0x000000001a15d000 JavaThread "Timer-0" daemon [_thread_blocked, id=11796, stack(0x000000001f5c0000,0x000000001f6c0000)]
  0x000000001a160000 JavaThread "heartbeat-receiver-event-loop-thread" daemon [_thread_blocked, id=11392, stack(0x000000001ebd0000,0x000000001ecd0000)]
  0x000000001a161800 JavaThread "qtp1358857082-50" daemon [_thread_blocked, id=3068, stack(0x000000001f4c0000,0x000000001f5c0000)]
  0x000000001a15e800 JavaThread "qtp1358857082-49" daemon [_thread_blocked, id=2964, stack(0x000000001f3c0000,0x000000001f4c0000)]
  0x000000001a161000 JavaThread "qtp1358857082-48" daemon [_thread_blocked, id=12128, stack(0x000000001f2c0000,0x000000001f3c0000)]
  0x000000001a155800 JavaThread "qtp1358857082-47" daemon [_thread_blocked, id=8780, stack(0x000000001f1c0000,0x000000001f2c0000)]
  0x000000001a15c800 JavaThread "qtp1358857082-46" daemon [_thread_blocked, id=11716, stack(0x000000001f0c0000,0x000000001f1c0000)]
  0x000000001a158800 JavaThread "qtp1358857082-45" daemon [_thread_blocked, id=2900, stack(0x000000001efc0000,0x000000001f0c0000)]
  0x000000001a15b800 JavaThread "qtp1358857082-44 Acceptor0 SelectChannelConnector@0.0.0.0:4040" daemon [_thread_in_native, id=12452, stack(0x000000001edc0000,0x000000001eec0000)]
  0x000000001a156800 JavaThread "qtp1358857082-43 Selector0" daemon [_thread_in_native, id=11896, stack(0x000000001ead0000,0x000000001ebd0000)]
  0x000000001a154000 JavaThread "refresh progress" daemon [_thread_blocked, id=1256, stack(0x000000001d800000,0x000000001d900000)]
  0x000000001a158000 JavaThread "SPARK_CONTEXT cleanup timer" daemon [_thread_blocked, id=3116, stack(0x000000001d700000,0x000000001d800000)]
  0x000000001a15b000 JavaThread "qtp1900366749-39" daemon [_thread_blocked, id=11324, stack(0x000000001d600000,0x000000001d700000)]
  0x000000001a153800 JavaThread "qtp1900366749-38" daemon [_thread_blocked, id=9912, stack(0x000000001d500000,0x000000001d600000)]
  0x000000001a157000 JavaThread "qtp1900366749-37" daemon [_thread_blocked, id=11892, stack(0x000000001d400000,0x000000001d500000)]
  0x000000001a155000 JavaThread "qtp1900366749-36" daemon [_thread_blocked, id=5840, stack(0x000000001d300000,0x000000001d400000)]
  0x000000001a159800 JavaThread "qtp1900366749-35" daemon [_thread_blocked, id=6164, stack(0x000000001d200000,0x000000001d300000)]
  0x000000001a15a000 JavaThread "qtp1900366749-34" daemon [_thread_blocked, id=8180, stack(0x000000001d000000,0x000000001d100000)]
  0x000000001a279800 JavaThread "qtp1900366749-33 Acceptor0 SocketConnector@0.0.0.0:59972" daemon [_thread_in_native, id=10136, stack(0x000000001cf00000,0x000000001d000000)]
  0x000000001a280800 JavaThread "qtp1900366749-32" daemon [_thread_blocked, id=11436, stack(0x000000001ce00000,0x000000001cf00000)]
  0x000000001a27f800 JavaThread "BROADCAST_VARS cleanup timer" daemon [_thread_blocked, id=9768, stack(0x000000001cb00000,0x000000001cc00000)]
  0x000000001a27c000 JavaThread "BLOCK_MANAGER cleanup timer" daemon [_thread_blocked, id=9760, stack(0x000000001ca00000,0x000000001cb00000)]
  0x000000001a27c800 JavaThread "MAP_OUTPUT_TRACKER cleanup timer" daemon [_thread_blocked, id=11924, stack(0x000000001c900000,0x000000001ca00000)]
  0x000000001a27a800 JavaThread "New I/O server boss #6" daemon [_thread_in_native, id=9288, stack(0x000000001c600000,0x000000001c700000)]
  0x000000001a27e000 JavaThread "New I/O worker #5" daemon [_thread_in_native, id=7252, stack(0x000000001c400000,0x000000001c500000)]
  0x000000001a27d800 JavaThread "New I/O worker #4" daemon [_thread_in_native, id=8000, stack(0x000000001c300000,0x000000001c400000)]
  0x000000001a27b000 JavaThread "New I/O boss #3" daemon [_thread_in_native, id=11976, stack(0x000000001c200000,0x000000001c300000)]
  0x000000001a27f000 JavaThread "New I/O worker #2" daemon [_thread_in_native, id=12576, stack(0x000000001c100000,0x000000001c200000)]
  0x000000001a1d1000 JavaThread "New I/O worker #1" daemon [_thread_in_native, id=9148, stack(0x000000001c000000,0x000000001c100000)]
  0x0000000019af1000 JavaThread "sparkDriver-akka.remote.default-remote-dispatcher-6" daemon [_thread_blocked, id=1252, stack(0x000000001bf00000,0x000000001c000000)]
  0x0000000019ae9000 JavaThread "sparkDriver-akka.remote.default-remote-dispatcher-5" daemon [_thread_blocked, id=11492, stack(0x000000001bc00000,0x000000001bd00000)]
  0x0000000019e2e000 JavaThread "sparkDriver-akka.actor.default-dispatcher-4" daemon [_thread_blocked, id=12660, stack(0x000000001bb00000,0x000000001bc00000)]
  0x0000000018bd5800 JavaThread "sparkDriver-akka.actor.default-dispatcher-3" daemon [_thread_blocked, id=12580, stack(0x000000001ba00000,0x000000001bb00000)]
  0x0000000018bd3000 JavaThread "sparkDriver-akka.actor.default-dispatcher-2" daemon [_thread_blocked, id=11948, stack(0x000000001b900000,0x000000001ba00000)]
  0x0000000019b0f800 JavaThread "sparkDriver-scheduler-1" daemon [_thread_blocked, id=12940, stack(0x000000001b800000,0x000000001b900000)]
  0x0000000019e7a800 JavaThread "Thread-2" daemon [_thread_in_native, id=12912, stack(0x000000001b280000,0x000000001b380000)]
  0x000000001989e000 JavaThread "Monitor Ctrl-Break" daemon [_thread_in_native, id=11404, stack(0x000000001a8a0000,0x000000001a9a0000)]
  0x00000000189dd800 JavaThread "Service Thread" daemon [_thread_blocked, id=8096, stack(0x0000000018ed0000,0x0000000018fd0000)]
  0x00000000172ce800 JavaThread "C1 CompilerThread2" daemon [_thread_blocked, id=7848, stack(0x0000000018dd0000,0x0000000018ed0000)]
  0x00000000172c0000 JavaThread "C2 CompilerThread1" daemon [_thread_blocked, id=11300, stack(0x00000000188d0000,0x00000000189d0000)]
  0x0000000017278000 JavaThread "C2 CompilerThread0" daemon [_thread_blocked, id=11552, stack(0x00000000187d0000,0x00000000188d0000)]
  0x0000000017276800 JavaThread "Attach Listener" daemon [_thread_blocked, id=11996, stack(0x00000000186d0000,0x00000000187d0000)]
  0x0000000017275800 JavaThread "Signal Dispatcher" daemon [_thread_blocked, id=12944, stack(0x00000000185d0000,0x00000000186d0000)]
  0x000000000264d000 JavaThread "Finalizer" daemon [_thread_blocked, id=5124, stack(0x00000000184d0000,0x00000000185d0000)]
  0x0000000002644000 JavaThread "Reference Handler" daemon [_thread_blocked, id=12804, stack(0x00000000183d0000,0x00000000184d0000)]
  0x0000000002559000 JavaThread "main" [_thread_blocked, id=13180, stack(0x0000000002450000,0x0000000002550000)]

Other Threads:
  0x0000000017237000 VMThread [stack: 0x00000000182d0000,0x00000000183d0000] [id=13156]
  0x00000000189e0800 WatcherThread [stack: 0x0000000018fd0000,0x00000000190d0000] [id=7884]

VM state:not at safepoint (normal execution)

VM Mutex/Monitor currently owned by a thread: None

Heap:
 PSYoungGen      total 112640K, used 107371K [0x00000000d5580000, 0x00000000de980000, 0x0000000100000000)
  eden space 103936K, 96% used [0x00000000d5580000,0x00000000db772750,0x00000000dbb00000)
  from space 8704K, 81% used [0x00000000dbb00000,0x00000000dc1e8898,0x00000000dc380000)
  to   space 9216K, 0% used [0x00000000de080000,0x00000000de080000,0x00000000de980000)
 ParOldGen       total 72192K, used 7932K [0x0000000080000000, 0x0000000084680000, 0x00000000d5580000)
  object space 72192K, 10% used [0x0000000080000000,0x00000000807bf168,0x0000000084680000)
 Metaspace       used 42571K, capacity 42762K, committed 43008K, reserved 1085440K
  class space    used 6045K, capacity 6112K, committed 6144K, reserved 1048576K

Card table byte_map: [0x0000000011a10000,0x0000000011e20000] byte_map_base: 0x0000000011610000

Marking Bits: (ParMarkBitMap*) 0x000000006519d4f0
 Begin Bits: [0x00000000124d0000, 0x00000000144d0000)
 End Bits:   [0x00000000144d0000, 0x00000000164d0000)

Polling page: 0x0000000000a30000

CodeCache: size=245760Kb used=9329Kb max_used=9329Kb free=236431Kb
 bounds [0x0000000002650000, 0x0000000002f80000, 0x0000000011650000]
 total_blobs=3443 nmethods=2740 adapters=616
 compilation: enabled

Compilation events (10 events):
Event: 18.546 Thread 0x00000000172ce800 3033       3       java.util.LinkedList$ListItr::<init> (47 bytes)
Event: 18.547 Thread 0x00000000172ce800 nmethod 3033 0x0000000002f656d0 code [0x0000000002f65840, 0x0000000002f65ae8]
Event: 18.547 Thread 0x00000000172ce800 3031       3       java.util.AbstractList::listIterator (6 bytes)
Event: 18.547 Thread 0x00000000172ce800 nmethod 3031 0x0000000002f2c610 code [0x0000000002f2c780, 0x0000000002f2c9a8]
Event: 18.547 Thread 0x00000000172ce800 3030       3       java.util.AbstractSequentialList::iterator (5 bytes)
Event: 18.547 Thread 0x00000000172ce800 nmethod 3030 0x0000000002f62e90 code [0x0000000002f63000, 0x0000000002f632e8]
Event: 18.559 Thread 0x00000000172ce800 3035   !   3       sun.nio.ch.WindowsSelectorImpl$SubSelector::processFDSet (374 bytes)
Event: 18.562 Thread 0x00000000172ce800 nmethod 3035 0x0000000002f759d0 code [0x0000000002f75cc0, 0x0000000002f776a8]
Event: 18.562 Thread 0x00000000172ce800 3034       3       java.util.concurrent.locks.ReentrantLock$NonfairSync::tryAcquire (6 bytes)
Event: 18.562 Thread 0x00000000172ce800 nmethod 3034 0x0000000002f62a90 code [0x0000000002f62c00, 0x0000000002f62e08]

GC Heap History (10 events):
Event: 13.845 GC heap before
{Heap before GC invocations=7 (full 1):
 PSYoungGen      total 38400K, used 36345K [0x00000000d5580000, 0x00000000d9c80000, 0x0000000100000000)
  eden space 33280K, 100% used [0x00000000d5580000,0x00000000d7600000,0x00000000d7600000)
  from space 5120K, 59% used [0x00000000d7600000,0x00000000d78fe740,0x00000000d7b00000)
  to   space 7168K, 0% used [0x00000000d9580000,0x00000000d9580000,0x00000000d9c80000)
 ParOldGen       total 48128K, used 5667K [0x0000000080000000, 0x0000000082f00000, 0x00000000d5580000)
  object space 48128K, 11% used [0x0000000080000000,0x0000000080588c68,0x0000000082f00000)
 Metaspace       used 26949K, capacity 27054K, committed 27520K, reserved 1073152K
  class space    used 3818K, capacity 3861K, committed 3968K, reserved 1048576K
Event: 13.850 GC heap after
Heap after GC invocations=7 (full 1):
 PSYoungGen      total 65536K, used 3975K [0x00000000d5580000, 0x00000000d9d00000, 0x0000000100000000)
  eden space 58368K, 0% used [0x00000000d5580000,0x00000000d5580000,0x00000000d8e80000)
  from space 7168K, 55% used [0x00000000d9580000,0x00000000d9961fb0,0x00000000d9c80000)
  to   space 7168K, 0% used [0x00000000d8e80000,0x00000000d8e80000,0x00000000d9580000)
 ParOldGen       total 48128K, used 5675K [0x0000000080000000, 0x0000000082f00000, 0x00000000d5580000)
  object space 48128K, 11% used [0x0000000080000000,0x000000008058ac68,0x0000000082f00000)
 Metaspace       used 26949K, capacity 27054K, committed 27520K, reserved 1073152K
  class space    used 3818K, capacity 3861K, committed 3968K, reserved 1048576K
}
Event: 14.808 GC heap before
{Heap before GC invocations=8 (full 1):
 PSYoungGen      total 65536K, used 62343K [0x00000000d5580000, 0x00000000d9d00000, 0x0000000100000000)
  eden space 58368K, 100% used [0x00000000d5580000,0x00000000d8e80000,0x00000000d8e80000)
  from space 7168K, 55% used [0x00000000d9580000,0x00000000d9961fb0,0x00000000d9c80000)
  to   space 7168K, 0% used [0x00000000d8e80000,0x00000000d8e80000,0x00000000d9580000)
 ParOldGen       total 48128K, used 5675K [0x0000000080000000, 0x0000000082f00000, 0x00000000d5580000)
  object space 48128K, 11% used [0x0000000080000000,0x000000008058ac68,0x0000000082f00000)
 Metaspace       used 33763K, capacity 33870K, committed 34048K, reserved 1079296K
  class space    used 4812K, capacity 4853K, committed 4864K, reserved 1048576K
Event: 14.821 GC heap after
Heap after GC invocations=8 (full 1):
 PSYoungGen      total 65536K, used 7162K [0x00000000d5580000, 0x00000000dcc00000, 0x0000000100000000)
  eden space 58368K, 0% used [0x00000000d5580000,0x00000000d5580000,0x00000000d8e80000)
  from space 7168K, 99% used [0x00000000d8e80000,0x00000000d957eab0,0x00000000d9580000)
  to   space 8704K, 0% used [0x00000000dc380000,0x00000000dc380000,0x00000000dcc00000)
 ParOldGen       total 48128K, used 7548K [0x0000000080000000, 0x0000000082f00000, 0x00000000d5580000)
  object space 48128K, 15% used [0x0000000080000000,0x000000008075f3e8,0x0000000082f00000)
 Metaspace       used 33763K, capacity 33870K, committed 34048K, reserved 1079296K
  class space    used 4812K, capacity 4853K, committed 4864K, reserved 1048576K
}
Event: 15.036 GC heap before
{Heap before GC invocations=9 (full 1):
 PSYoungGen      total 65536K, used 20809K [0x00000000d5580000, 0x00000000dcc00000, 0x0000000100000000)
  eden space 58368K, 23% used [0x00000000d5580000,0x00000000d62d3a28,0x00000000d8e80000)
  from space 7168K, 99% used [0x00000000d8e80000,0x00000000d957eab0,0x00000000d9580000)
  to   space 8704K, 0% used [0x00000000dc380000,0x00000000dc380000,0x00000000dcc00000)
 ParOldGen       total 48128K, used 7548K [0x0000000080000000, 0x0000000082f00000, 0x00000000d5580000)
  object space 48128K, 15% used [0x0000000080000000,0x000000008075f3e8,0x0000000082f00000)
 Metaspace       used 35024K, capacity 35118K, committed 35416K, reserved 1079296K
  class space    used 4986K, capacity 5013K, committed 5120K, reserved 1048576K
Event: 15.042 GC heap after
Heap after GC invocations=9 (full 1):
 PSYoungGen      total 112640K, used 3926K [0x00000000d5580000, 0x00000000dce80000, 0x0000000100000000)
  eden space 103936K, 0% used [0x00000000d5580000,0x00000000d5580000,0x00000000dbb00000)
  from space 8704K, 45% used [0x00000000dc380000,0x00000000dc755970,0x00000000dcc00000)
  to   space 8704K, 0% used [0x00000000dbb00000,0x00000000dbb00000,0x00000000dc380000)
 ParOldGen       total 48128K, used 7556K [0x0000000080000000, 0x0000000082f00000, 0x00000000d5580000)
  object space 48128K, 15% used [0x0000000080000000,0x00000000807613e8,0x0000000082f00000)
 Metaspace       used 35024K, capacity 35118K, committed 35416K, reserved 1079296K
  class space    used 4986K, capacity 5013K, committed 5120K, reserved 1048576K
}
Event: 15.042 GC heap before
{Heap before GC invocations=10 (full 2):
 PSYoungGen      total 112640K, used 3926K [0x00000000d5580000, 0x00000000dce80000, 0x0000000100000000)
  eden space 103936K, 0% used [0x00000000d5580000,0x00000000d5580000,0x00000000dbb00000)
  from space 8704K, 45% used [0x00000000dc380000,0x00000000dc755970,0x00000000dcc00000)
  to   space 8704K, 0% used [0x00000000dbb00000,0x00000000dbb00000,0x00000000dc380000)
 ParOldGen       total 48128K, used 7556K [0x0000000080000000, 0x0000000082f00000, 0x00000000d5580000)
  object space 48128K, 15% used [0x0000000080000000,0x00000000807613e8,0x0000000082f00000)
 Metaspace       used 35024K, capacity 35118K, committed 35416K, reserved 1079296K
  class space    used 4986K, capacity 5013K, committed 5120K, reserved 1048576K
Event: 15.104 GC heap after
Heap after GC invocations=10 (full 2):
 PSYoungGen      total 112640K, used 0K [0x00000000d5580000, 0x00000000dce80000, 0x0000000100000000)
  eden space 103936K, 0% used [0x00000000d5580000,0x00000000d5580000,0x00000000dbb00000)
  from space 8704K, 0% used [0x00000000dc380000,0x00000000dc380000,0x00000000dcc00000)
  to   space 8704K, 0% used [0x00000000dbb00000,0x00000000dbb00000,0x00000000dc380000)
 ParOldGen       total 72192K, used 7924K [0x0000000080000000, 0x0000000084680000, 0x00000000d5580000)
  object space 72192K, 10% used [0x0000000080000000,0x00000000807bd168,0x0000000084680000)
 Metaspace       used 35024K, capacity 35118K, committed 35416K, reserved 1079296K
  class space    used 4986K, capacity 5013K, committed 5120K, reserved 1048576K
}
Event: 16.098 GC heap before
{Heap before GC invocations=11 (full 2):
 PSYoungGen      total 112640K, used 103936K [0x00000000d5580000, 0x00000000dce80000, 0x0000000100000000)
  eden space 103936K, 100% used [0x00000000d5580000,0x00000000dbb00000,0x00000000dbb00000)
  from space 8704K, 0% used [0x00000000dc380000,0x00000000dc380000,0x00000000dcc00000)
  to   space 8704K, 0% used [0x00000000dbb00000,0x00000000dbb00000,0x00000000dc380000)
 ParOldGen       total 72192K, used 7924K [0x0000000080000000, 0x0000000084680000, 0x00000000d5580000)
  object space 72192K, 10% used [0x0000000080000000,0x00000000807bd168,0x0000000084680000)
 Metaspace       used 38827K, capacity 39032K, committed 39296K, reserved 1083392K
  class space    used 5594K, capacity 5661K, committed 5760K, reserved 1048576K
Event: 16.110 GC heap after
Heap after GC invocations=11 (full 2):
 PSYoungGen      total 112640K, used 7074K [0x00000000d5580000, 0x00000000de980000, 0x0000000100000000)
  eden space 103936K, 0% used [0x00000000d5580000,0x00000000d5580000,0x00000000dbb00000)
  from space 8704K, 81% used [0x00000000dbb00000,0x00000000dc1e8898,0x00000000dc380000)
  to   space 9216K, 0% used [0x00000000de080000,0x00000000de080000,0x00000000de980000)
 ParOldGen       total 72192K, used 7932K [0x0000000080000000, 0x0000000084680000, 0x00000000d5580000)
  object space 72192K, 10% used [0x0000000080000000,0x00000000807bf168,0x0000000084680000)
 Metaspace       used 38827K, capacity 39032K, committed 39296K, reserved 1083392K
  class space    used 5594K, capacity 5661K, committed 5760K, reserved 1048576K
}

Deoptimization events (10 events):
Event: 15.650 Thread 0x0000000020a66000 Uncommon trap: reason=class_check action=maybe_recompile pc=0x0000000002b91030 method=java.util.concurrent.ConcurrentHashMap.putVal(Ljava/lang/Object;Ljava/lang/Object;Z)Ljava/lang/Object; @ 192
Event: 16.072 Thread 0x0000000020a69000 Uncommon trap: reason=predicate action=maybe_recompile pc=0x0000000002df64ac method=java.util.LinkedList.toArray([Ljava/lang/Object;)[Ljava/lang/Object; @ 45
Event: 16.129 Thread 0x0000000020a69000 Uncommon trap: reason=null_check action=make_not_entrant pc=0x0000000002e1d498 method=java.nio.charset.CoderResult$Cache.get(I)Ljava/nio/charset/CoderResult; @ 69
Event: 16.129 Thread 0x0000000020a69000 Uncommon trap: reason=null_check action=make_not_entrant pc=0x0000000002d8145c method=java.nio.charset.CoderResult$Cache.get(I)Ljava/nio/charset/CoderResult; @ 69
Event: 16.189 Thread 0x0000000020a66000 Uncommon trap: reason=array_check action=maybe_recompile pc=0x0000000002e2dda8 method=java.util.LinkedList.toArray([Ljava/lang/Object;)[Ljava/lang/Object; @ 55
Event: 16.189 Thread 0x0000000020a66000 Uncommon trap: reason=array_check action=maybe_recompile pc=0x0000000002e2dda8 method=java.util.LinkedList.toArray([Ljava/lang/Object;)[Ljava/lang/Object; @ 55
Event: 16.189 Thread 0x0000000020a66000 Uncommon trap: reason=array_check action=maybe_recompile pc=0x0000000002e2dda8 method=java.util.LinkedList.toArray([Ljava/lang/Object;)[Ljava/lang/Object; @ 55
Event: 16.190 Thread 0x0000000020a66000 Uncommon trap: reason=array_check action=maybe_recompile pc=0x0000000002e2dda8 method=java.util.LinkedList.toArray([Ljava/lang/Object;)[Ljava/lang/Object; @ 55
Event: 16.240 Thread 0x0000000020a69000 Uncommon trap: reason=class_check action=maybe_recompile pc=0x0000000002bb3d54 method=java.net.URLClassLoader.defineClass(Ljava/lang/String;Lsun/misc/Resource;)Ljava/lang/Class; @ 13
Event: 17.505 Thread 0x0000000020a66000 Uncommon trap: reason=class_check action=maybe_recompile pc=0x0000000002c14ec0 method=java.net.URLClassLoader.defineClass(Ljava/lang/String;Lsun/misc/Resource;)Ljava/lang/Class; @ 13

Internal exceptions (10 events):
Event: 18.310 Thread 0x0000000020a66000 Exception <a 'java/security/PrivilegedActionException'> (0x00000000db1f2978) thrown at [C:\workspace\8-2-build-windows-amd64-cygwin\jdk8u31\2394\hotspot\src\share\vm\prims\jvm.cpp, line 1312]
Event: 18.310 Thread 0x0000000020a66000 Exception <a 'java/security/PrivilegedActionException'> (0x00000000db211228) thrown at [C:\workspace\8-2-build-windows-amd64-cygwin\jdk8u31\2394\hotspot\src\share\vm\prims\jvm.cpp, line 1312]
Event: 18.311 Thread 0x0000000020a66000 Exception <a 'java/security/PrivilegedActionException'> (0x00000000db228528) thrown at [C:\workspace\8-2-build-windows-amd64-cygwin\jdk8u31\2394\hotspot\src\share\vm\prims\jvm.cpp, line 1312]
Event: 18.317 Thread 0x0000000020a66000 Exception <a 'java/security/PrivilegedActionException'> (0x00000000db2b09d0) thrown at [C:\workspace\8-2-build-windows-amd64-cygwin\jdk8u31\2394\hotspot\src\share\vm\prims\jvm.cpp, line 1312]
Event: 18.318 Thread 0x0000000020a66000 Exception <a 'java/security/PrivilegedActionException'> (0x00000000db2cf5e0) thrown at [C:\workspace\8-2-build-windows-amd64-cygwin\jdk8u31\2394\hotspot\src\share\vm\prims\jvm.cpp, line 1312]
Event: 18.319 Thread 0x0000000020a66000 Exception <a 'java/security/PrivilegedActionException'> (0x00000000db2e79c8) thrown at [C:\workspace\8-2-build-windows-amd64-cygwin\jdk8u31\2394\hotspot\src\share\vm\prims\jvm.cpp, line 1312]
Event: 18.319 Thread 0x0000000020a66000 Exception <a 'java/security/PrivilegedActionException'> (0x00000000db2ff4c8) thrown at [C:\workspace\8-2-build-windows-amd64-cygwin\jdk8u31\2394\hotspot\src\share\vm\prims\jvm.cpp, line 1312]
Event: 18.325 Thread 0x0000000020a66000 Exception <a 'java/security/PrivilegedActionException'> (0x00000000db3874c0) thrown at [C:\workspace\8-2-build-windows-amd64-cygwin\jdk8u31\2394\hotspot\src\share\vm\prims\jvm.cpp, line 1312]
Event: 18.326 Thread 0x0000000020a66000 Exception <a 'java/security/PrivilegedActionException'> (0x00000000db3a60d8) thrown at [C:\workspace\8-2-build-windows-amd64-cygwin\jdk8u31\2394\hotspot\src\share\vm\prims\jvm.cpp, line 1312]
Event: 18.334 Thread 0x0000000020a66000 Exception <a 'java/security/PrivilegedActionException'> (0x00000000db42c3c8) thrown at [C:\workspace\8-2-build-windows-amd64-cygwin\jdk8u31\2394\hotspot\src\share\vm\prims\jvm.cpp, line 1312]

Events (10 events):
Event: 18.319 loading class org/bytedeco/javacpp/opencv_legacy$CvBlobTrackAnalysisHeight
Event: 18.319 loading class org/bytedeco/javacpp/opencv_legacy$CvBlobTrackAnalysisHeight done
Event: 18.325 loading class org/bytedeco/javacpp/opencv_legacy$CvBlobTrackPostProcOne_Create
Event: 18.325 loading class org/bytedeco/javacpp/opencv_legacy$CvBlobTrackPostProcOne_Create done
Event: 18.326 loading class org/bytedeco/javacpp/opencv_legacy$CvBlobTrackFVGen
Event: 18.326 loading class org/bytedeco/javacpp/opencv_legacy$CvBlobTrackFVGen done
Event: 18.333 loading class org/bytedeco/javacpp/opencv_legacy$CvBlobTrackerOne_Create
Event: 18.333 loading class org/bytedeco/javacpp/opencv_legacy$CvBlobTrackerOne_Create done
Event: 18.528 Thread 0x0000000019b0f800 DEOPT PACKING pc=0x0000000002eacd74 sp=0x000000001b8fef50
Event: 18.528 Thread 0x0000000019b0f800 DEOPT UNPACKING pc=0x00000000026975bf sp=0x000000001b8fecf8 mode 0


Dynamic libraries:
0x00007ff779ef0000 - 0x00007ff779f24000 	C:\Program Files\Java\jdk1.8.0_31\bin\java.exe
0x00007ffff0c10000 - 0x00007ffff0dd1000 	C:\WINDOWS\SYSTEM32\ntdll.dll
0x00007fffee650000 - 0x00007fffee6fd000 	C:\WINDOWS\system32\KERNEL32.DLL
0x00007fffedf90000 - 0x00007fffee16d000 	C:\WINDOWS\system32\KERNELBASE.dll
0x00007fffee880000 - 0x00007fffee926000 	C:\WINDOWS\system32\ADVAPI32.dll
0x00007fffeeb10000 - 0x00007fffeebad000 	C:\WINDOWS\system32\msvcrt.dll
0x00007fffee7c0000 - 0x00007fffee81b000 	C:\WINDOWS\system32\sechost.dll
0x00007ffff0300000 - 0x00007ffff0426000 	C:\WINDOWS\system32\RPCRT4.dll
0x00007fffee500000 - 0x00007fffee64e000 	C:\WINDOWS\system32\USER32.dll
0x00007ffff0430000 - 0x00007ffff05b6000 	C:\WINDOWS\system32\GDI32.dll
0x00007fffe3100000 - 0x00007fffe3374000 	C:\WINDOWS\WinSxS\amd64_microsoft.windows.common-controls_6595b64144ccf1df_6.0.10240.16384_none_f41f7b285750ef43\COMCTL32.dll
0x00007fffee780000 - 0x00007fffee7b6000 	C:\WINDOWS\system32\IMM32.DLL
0x00007ffff0770000 - 0x00007ffff08cc000 	C:\WINDOWS\system32\MSCTF.dll
0x0000000065f70000 - 0x0000000066042000 	C:\Program Files\Java\jdk1.8.0_31\jre\bin\msvcr100.dll
0x00000000649c0000 - 0x000000006521a000 	C:\Program Files\Java\jdk1.8.0_31\jre\bin\server\jvm.dll
0x00007ffff0c00000 - 0x00007ffff0c08000 	C:\WINDOWS\system32\PSAPI.DLL
0x00007fffdd130000 - 0x00007fffdd139000 	C:\WINDOWS\SYSTEM32\WSOCK32.dll
0x00007fffebcc0000 - 0x00007fffebce3000 	C:\WINDOWS\SYSTEM32\WINMM.dll
0x00007fffebc90000 - 0x00007fffebcbc000 	C:\WINDOWS\SYSTEM32\WINMMBASE.dll
0x00007ffff0290000 - 0x00007ffff02f9000 	C:\WINDOWS\system32\WS2_32.dll
0x00007fffed910000 - 0x00007fffed954000 	C:\WINDOWS\system32\cfgmgr32.dll
0x00007fffeec70000 - 0x00007fffeec78000 	C:\WINDOWS\system32\NSI.dll
0x00007fffebf10000 - 0x00007fffebf37000 	C:\WINDOWS\SYSTEM32\DEVOBJ.dll
0x0000000065f60000 - 0x0000000065f6f000 	C:\Program Files\Java\jdk1.8.0_31\jre\bin\verify.dll
0x0000000065f30000 - 0x0000000065f58000 	C:\Program Files\Java\jdk1.8.0_31\jre\bin\java.dll
0x0000000065f10000 - 0x0000000065f26000 	C:\Program Files\Java\jdk1.8.0_31\jre\bin\zip.dll
0x00007fffeed60000 - 0x00007ffff0282000 	C:\WINDOWS\system32\SHELL32.dll
0x00007fffed960000 - 0x00007fffedf88000 	C:\WINDOWS\system32\windows.storage.dll
0x00007ffff0980000 - 0x00007ffff0bfc000 	C:\WINDOWS\system32\combase.dll
0x00007fffee720000 - 0x00007fffee771000 	C:\WINDOWS\system32\shlwapi.dll
0x00007fffed660000 - 0x00007fffed66f000 	C:\WINDOWS\system32\kernel.appcore.dll
0x00007fffee170000 - 0x00007fffee223000 	C:\WINDOWS\system32\shcore.dll
0x00007fffed670000 - 0x00007fffed6ba000 	C:\WINDOWS\system32\powrprof.dll
0x00007fffed6c0000 - 0x00007fffed6d3000 	C:\WINDOWS\system32\profapi.dll
0x00007fffe4fa0000 - 0x00007fffe4fb0000 	C:\Program Files (x86)\JetBrains\IntelliJ IDEA Community Edition 14.1.4\bin\breakgen64.dll
0x0000000065ef0000 - 0x0000000065f0a000 	C:\Program Files\Java\jdk1.8.0_31\jre\bin\net.dll
0x00007fffeceb0000 - 0x00007fffecf0d000 	C:\WINDOWS\system32\mswsock.dll
0x00007fffecf10000 - 0x00007fffecf27000 	C:\WINDOWS\SYSTEM32\CRYPTSP.dll
0x00007fffed180000 - 0x00007fffed1a8000 	C:\WINDOWS\SYSTEM32\bcrypt.dll
0x00007fffecb60000 - 0x00007fffecb93000 	C:\WINDOWS\system32\rsaenh.dll
0x00007fffecd00000 - 0x00007fffecd1f000 	C:\WINDOWS\SYSTEM32\USERENV.dll
0x00007fffed490000 - 0x00007fffed4fb000 	C:\WINDOWS\system32\bcryptprimitives.dll
0x00007fffed080000 - 0x00007fffed08b000 	C:\WINDOWS\SYSTEM32\CRYPTBASE.dll
0x00007fffe9040000 - 0x00007fffe9078000 	C:\WINDOWS\SYSTEM32\IPHLPAPI.DLL
0x00007fffe8fd0000 - 0x00007fffe8fdb000 	C:\WINDOWS\SYSTEM32\WINNSI.DLL
0x00007fffe5680000 - 0x00007fffe5696000 	C:\WINDOWS\SYSTEM32\dhcpcsvc6.DLL
0x00007fffe5660000 - 0x00007fffe567a000 	C:\WINDOWS\SYSTEM32\dhcpcsvc.DLL
0x0000000065ed0000 - 0x0000000065ee1000 	C:\Program Files\Java\jdk1.8.0_31\jre\bin\nio.dll
0x0000000065ec0000 - 0x0000000065ecd000 	C:\Program Files\Java\jdk1.8.0_31\jre\bin\management.dll
0x0000000065eb0000 - 0x0000000065eb9000 	C:\Program Files\Java\jdk1.8.0_31\jre\bin\w2k_lsa_auth.dll
0x00007fffdd5f0000 - 0x00007fffdd5fc000 	C:\WINDOWS\SYSTEM32\Secur32.dll
0x00007fffed290000 - 0x00007fffed2bc000 	C:\WINDOWS\SYSTEM32\SSPICLI.DLL
0x00007fffdeff0000 - 0x00007fffdf005000 	C:\WINDOWS\system32\napinsp.dll
0x00007fffda580000 - 0x00007fffda59a000 	C:\WINDOWS\system32\pnrpnsp.dll
0x00007fffe96a0000 - 0x00007fffe96b8000 	C:\WINDOWS\system32\NLAapi.dll
0x00007fffecc50000 - 0x00007fffeccf8000 	C:\WINDOWS\SYSTEM32\DNSAPI.dll
0x00007fffdf010000 - 0x00007fffdf01d000 	C:\WINDOWS\System32\winrnr.dll
0x0000000066140000 - 0x0000000066166000 	C:\Program Files\Bonjour\mdnsNSP.dll
0x00007fffe7d40000 - 0x00007fffe7d55000 	C:\WINDOWS\system32\wshbth.dll
0x00007fffe3000000 - 0x00007fffe300a000 	C:\Windows\System32\rasadhlp.dll
0x00007fffe4440000 - 0x00007fffe44a8000 	C:\WINDOWS\System32\fwpuclnt.dll
0x00007fffe1eb0000 - 0x00007fffe1ec3000 	C:\hadoop\bin\hadoop.dll
0x00007fffec700000 - 0x00007fffec748000 	C:\WINDOWS\SYSTEM32\AUTHZ.dll
0x00007fffe37d0000 - 0x00007fffe37e7000 	C:\WINDOWS\SYSTEM32\NETAPI32.dll
0x00007fffe56a0000 - 0x00007fffe56b6000 	C:\WINDOWS\SYSTEM32\wkscli.dll
0x00007fffec8d0000 - 0x00007fffec8f6000 	C:\WINDOWS\SYSTEM32\srvcli.dll
0x00007fffec920000 - 0x00007fffec92c000 	C:\WINDOWS\SYSTEM32\netutils.dll
0x00007fffe73a0000 - 0x00007fffe73b8000 	C:\WINDOWS\SYSTEM32\SAMCLI.DLL
0x0000000065ea0000 - 0x0000000065ea9000 	C:\Program Files\Java\jdk1.8.0_31\jre\bin\jaas_nt.dll
0x0000000070280000 - 0x00000000702a9000 	C:\Users\Prudhvi Myneni\AppData\Local\Temp\snappy-unknown-8e66fd53-5c97-4c80-b38b-474877f9c12d-snappyjava.dll
0x00000000645c0000 - 0x0000000064691000 	C:\Users\Prudhvi Myneni\AppData\Local\Temp\javacpp44489444414318\msvcr100.dll
0x0000000064520000 - 0x00000000645b8000 	C:\Users\Prudhvi Myneni\AppData\Local\Temp\javacpp44489444414318\msvcp100.dll
0x00007fffc9ed0000 - 0x00007fffca150000 	C:\Users\Prudhvi Myneni\AppData\Local\Temp\javacpp44489444414318\opencv_core2411.dll
0x00007fffca740000 - 0x00007fffca932000 	C:\Users\Prudhvi Myneni\AppData\Local\Temp\javacpp44489444414318\jniopencv_core.dll
0x00007fffc2d70000 - 0x00007fffc3031000 	C:\Users\Prudhvi Myneni\AppData\Local\Temp\javacpp44489444414318\opencv_imgproc2411.dll
0x00007fffcde10000 - 0x00007fffcdeb8000 	C:\Users\Prudhvi Myneni\AppData\Local\Temp\javacpp44489444414318\jniopencv_imgproc.dll
0x0000000066840000 - 0x00000000676b4000 	C:\Users\Prudhvi Myneni\AppData\Local\Temp\javacpp44489444414318\opencv_ffmpeg2411_64.dll
0x00007fffc34b0000 - 0x00007fffc36fe000 	C:\Users\Prudhvi Myneni\AppData\Local\Temp\javacpp44489444414318\opencv_highgui2411.dll
0x00007ffff0620000 - 0x00007ffff0761000 	C:\WINDOWS\system32\ole32.dll
0x00007fffeebb0000 - 0x00007fffeec6e000 	C:\WINDOWS\system32\OLEAUT32.dll
0x00007fffe02f0000 - 0x00007fffe0310000 	C:\WINDOWS\SYSTEM32\AVIFIL32.dll
0x00007fffdfce0000 - 0x00007fffdfd09000 	C:\WINDOWS\SYSTEM32\MSVFW32.dll
0x00007fffdf9d0000 - 0x00007fffdf9e8000 	C:\WINDOWS\SYSTEM32\AVICAP32.dll
0x00007fffe0250000 - 0x00007fffe026c000 	C:\WINDOWS\SYSTEM32\MSACM32.dll
0x00007fffd5ad0000 - 0x00007fffd5b21000 	C:\Users\Prudhvi Myneni\AppData\Local\Temp\javacpp44489444414318\jniopencv_highgui.dll
0x00007fffcdd20000 - 0x00007fffcddb8000 	C:\Users\Prudhvi Myneni\AppData\Local\Temp\javacpp44489444414318\opencv_flann2411.dll
0x00007fffdf8a0000 - 0x00007fffdf8bc000 	C:\Users\Prudhvi Myneni\AppData\Local\Temp\javacpp44489444414318\jniopencv_flann.dll
0x00007fffcdba0000 - 0x00007fffcdc7a000 	C:\Users\Prudhvi Myneni\AppData\Local\Temp\javacpp44489444414318\opencv_features2d2411.dll
0x00007fffd16c0000 - 0x00007fffd1725000 	C:\Users\Prudhvi Myneni\AppData\Local\Temp\javacpp44489444414318\jniopencv_features2d.dll
0x00007fffcaf80000 - 0x00007fffcb0b5000 	C:\Users\Prudhvi Myneni\AppData\Local\Temp\javacpp44489444414318\opencv_calib3d2411.dll
0x00007fffdefa0000 - 0x00007fffdefeb000 	C:\Users\Prudhvi Myneni\AppData\Local\Temp\javacpp44489444414318\jniopencv_calib3d.dll
0x00007fffcdad0000 - 0x00007fffcdb9b000 	C:\Users\Prudhvi Myneni\AppData\Local\Temp\javacpp44489444414318\opencv_objdetect2411.dll
0x00007fffcdf00000 - 0x00007fffcdf6d000 	C:\Users\Prudhvi Myneni\AppData\Local\Temp\javacpp44489444414318\jniopencv_objdetect.dll
0x00007fffd9c80000 - 0x00007fffd9cbf000 	C:\Users\Prudhvi Myneni\AppData\Local\Temp\javacpp44489444414318\opencv_photo2411.dll
0x00007fffe1fb0000 - 0x00007fffe1fbd000 	C:\Users\Prudhvi Myneni\AppData\Local\Temp\javacpp44489444414318\jniopencv_photo.dll
0x00007fffcd8c0000 - 0x00007fffcd956000 	C:\Users\Prudhvi Myneni\AppData\Local\Temp\javacpp44489444414318\opencv_ml2411.dll
0x00007fffcd560000 - 0x00007fffcd5fe000 	C:\Users\Prudhvi Myneni\AppData\Local\Temp\javacpp44489444414318\jniopencv_ml.dll
0x00007fffcb0e0000 - 0x00007fffcb153000 	C:\Users\Prudhvi Myneni\AppData\Local\Temp\javacpp44489444414318\opencv_video2411.dll
0x00007fffdf870000 - 0x00007fffdf898000 	C:\Users\Prudhvi Myneni\AppData\Local\Temp\javacpp44489444414318\jniopencv_video.dll
0x00007fffc9750000 - 0x00007fffc98c0000 	C:\Users\Prudhvi Myneni\AppData\Local\Temp\javacpp44489444414318\opencv_legacy2411.dll
0x00007fffc93f0000 - 0x00007fffc956a000 	C:\Users\Prudhvi Myneni\AppData\Local\Temp\javacpp44489444414318\jniopencv_legacy.dll
0x00007fffcadd0000 - 0x00007fffcae4d000 	C:\Users\Prudhvi Myneni\AppData\Local\Temp\javacpp44489444414318\opencv_gpu2411.dll
0x00007fffc2a70000 - 0x00007fffc2d65000 	C:\Users\Prudhvi Myneni\AppData\Local\Temp\javacpp44489444414318\opencv_ocl2411.dll
0x00007fffc9e20000 - 0x00007fffc9ec6000 	C:\Users\Prudhvi Myneni\AppData\Local\Temp\javacpp44489444414318\opencv_nonfree2411.dll
0x00007fffdf1c0000 - 0x00007fffdf1d1000 	C:\Users\Prudhvi Myneni\AppData\Local\Temp\javacpp44489444414318\jniopencv_nonfree.dll
0x00007fffec030000 - 0x00007fffec0c6000 	C:\WINDOWS\system32\uxtheme.dll
0x00007fffd60b0000 - 0x00007fffd6152000 	C:\Program Files\Common Files\microsoft shared\ink\tiptsf.dll
0x00007fffeb460000 - 0x00007fffeb482000 	C:\WINDOWS\system32\dwmapi.dll
0x00007fffd6b40000 - 0x00007fffd6cca000 	C:\WINDOWS\SYSTEM32\dbghelp.dll
0x00007ffff08d0000 - 0x00007ffff0975000 	C:\WINDOWS\system32\clbcatq.dll
0x00007fffd5f60000 - 0x00007fffd60ac000 	C:\Windows\System32\uiautomationcore.dll
0x00007fffed500000 - 0x00007fffed598000 	C:\WINDOWS\SYSTEM32\sxs.dll

VM Arguments:
jvm_args: -Xmx2g -Didea.launcher.port=7534 -Didea.launcher.bin.path=C:\Program Files (x86)\JetBrains\IntelliJ IDEA Community Edition 14.1.4\bin -Dfile.encoding=windows-1252 
java_command: com.intellij.rt.execution.application.AppMain edu.umkc.ic.IPApp
java_class_path (initial): C:\Program Files\Java\jdk1.8.0_31\jre\lib\charsets.jar;C:\Program Files\Java\jdk1.8.0_31\jre\lib\deploy.jar;C:\Program Files\Java\jdk1.8.0_31\jre\lib\javaws.jar;C:\Program Files\Java\jdk1.8.0_31\jre\lib\jce.jar;C:\Program Files\Java\jdk1.8.0_31\jre\lib\jfr.jar;C:\Program Files\Java\jdk1.8.0_31\jre\lib\jfxswt.jar;C:\Program Files\Java\jdk1.8.0_31\jre\lib\jsse.jar;C:\Program Files\Java\jdk1.8.0_31\jre\lib\management-agent.jar;C:\Program Files\Java\jdk1.8.0_31\jre\lib\plugin.jar;C:\Program Files\Java\jdk1.8.0_31\jre\lib\resources.jar;C:\Program Files\Java\jdk1.8.0_31\jre\lib\rt.jar;C:\Program Files\Java\jdk1.8.0_31\jre\lib\ext\access-bridge-64.jar;C:\Program Files\Java\jdk1.8.0_31\jre\lib\ext\cldrdata.jar;C:\Program Files\Java\jdk1.8.0_31\jre\lib\ext\dnsns.jar;C:\Program Files\Java\jdk1.8.0_31\jre\lib\ext\jaccess.jar;C:\Program Files\Java\jdk1.8.0_31\jre\lib\ext\jfxrt.jar;C:\Program Files\Java\jdk1.8.0_31\jre\lib\ext\localedata.jar;C:\Program Files\Java\jdk1.8.0_31\jre\lib\ext\nashorn.jar;C:\Program Files\Java\jdk1.8.0_31\jre\lib\ext\sunec.jar;C:\Program Files\Java\jdk1.8.0_31\jre\lib\ext\sunjce_provider.jar;C:\Program Files\Java\jdk1.8.0_31\jre\lib\ext\sunmscapi.jar;C:\Program Files\Java\jdk1.8.0_31\jre\lib\ext\sunpkcs11.jar;C:\Program Files\Java\jdk1.8.0_31\jre\lib\ext\zipfs.jar;C:\Users\Prudhvi Myneni\Desktop\Feature Image Extraction\Tutorial 13 - Feature Extraction-2-Image\SparkIP\target\scala-2.11\classes;C:\Users\Prudhvi Myneni\.ivy2\cache\org.scala-lang\scala-library\jars\scala-library-2.11.7.jar;C:\Users\Prudhvi Myneni\.ivy2\cache\aopalliance\aopalliance\jars\aopalliance-1.0.jar;C:\Users\Prudhvi Myneni\.ivy2\cache\asm\asm\jars\asm-3.2.jar;C:\Users\Prudhvi Myneni\.ivy2\cache\com.clearspring.analytics\stream\jars\stream-2.7.0.jar;C:\Users\Prudhvi Myneni\.ivy2\cache\com.esotericsoftware.kryo\kryo\bundles\kryo-2.21.jar;C:\Users\Prudhvi Myneni\.ivy2\cache\com.esotericsoftware.minlog\minlog\jars\minlog-1.2.jar;C:\Users\Prudhvi Myneni\.ivy
Launcher Type: SUN_STANDARD

Environment Variables:
JAVA_HOME=C:\Progra~1\Java\jdk1.8.0_31
PATH=C:\ProgramData\Oracle\Java\javapath;C:\Program Files (x86)\Intel\iCLS Client\;C:\Program Files\Intel\iCLS Client\;C:\WINDOWS\system32;C:\WINDOWS;C:\WINDOWS\System32\Wbem;C:\WINDOWS\System32\WindowsPowerShell\v1.0\;C:\Program Files\Intel\Intel(R) Management Engine Components\DAL;C:\Program Files\Intel\Intel(R) Management Engine Components\IPT;C:\Program Files (x86)\Intel\Intel(R) Management Engine Components\DAL;C:\Program Files (x86)\Intel\Intel(R) Management Engine Components\IPT;C:\Program Files\Intel\WiFi\bin\;C:\Program Files\Common Files\Intel\WirelessCommon\;C:\Program Files (x86)\Skype\Phone\;C:\Progra~1\Java\jdk1.8.0_31;C:\Program Files\apache-maven-3.3.3\bin;C:\Program Files\Git\cmd; C:\Progra~1\Java\jdk1.8.0_31\bin;C:\Hadoop\bin;C:\Python27;C:\Program Files\Microsoft\Web Platform Installer\;C:\Program Files (x86)\Microsoft SDKs\Azure\CLI\wbin;C:\Program Files (x86)\sbt\bin;C:\Users\Prudhvi Myneni\AppData\Local\Programs\EmEditor
USERNAME=Prudhvi Myneni
OS=Windows_NT
PROCESSOR_IDENTIFIER=Intel64 Family 6 Model 69 Stepping 1, GenuineIntel



---------------  S Y S T E M  ---------------

OS: Windows 8.1 , 64 bit Build 9600 

CPU:total 4 (2 cores per cpu, 2 threads per core) family 6 model 69 stepping 1, cmov, cx8, fxsr, mmx, sse, sse2, sse3, ssse3, sse4.1, sse4.2, popcnt, avx, avx2, aes, clmul, erms, lzcnt, ht, tsc, tscinvbit, bmi1, bmi2

Memory: 4k page, physical 8310040k(2056536k free), swap 17222936k(6090844k free)

vm_info: Java HotSpot(TM) 64-Bit Server VM (25.31-b07) for windows-amd64 JRE (1.8.0_31-b13), built on Dec 17 2014 21:00:28 by "java_re" with MS VC++ 10.0 (VS2010)

time: Thu Oct 29 11:53:26 2015
elapsed time: 18 seconds (0d 0h 0m 18s)

