#
# A fatal error has been detected by the Java Runtime Environment:
#
#  EXCEPTION_ACCESS_VIOLATION (0xc0000005) at pc=0x00007fffc9f2f55e, pid=12508, tid=13084
#
# JRE version: Java(TM) SE Runtime Environment (8.0_31-b13) (build 1.8.0_31-b13)
# Java VM: Java HotSpot(TM) 64-Bit Server VM (25.31-b07 mixed mode windows-amd64 compressed oops)
# Problematic frame:
# C  [opencv_core2411.dll+0x5f55e]
#
# Failed to write core dump. Minidumps are not enabled by default on client versions of Windows
#
# If you would like to submit a bug report, please visit:
#   http://bugreport.java.com/bugreport/crash.jsp
# The crash happened outside the Java Virtual Machine in native code.
# See problematic frame for where to report the bug.
#

---------------  T H R E A D  ---------------

Current thread (0x000000001feb0800):  JavaThread "Executor task launch worker-0" daemon [_thread_in_native, id=13084, stack(0x0000000021b30000,0x0000000021c30000)]

siginfo: ExceptionCode=0xc0000005, writing address 0x0000000021c98f60

Registers:
RAX=0x0000000000000000, RBX=0xffffffffffff2b00, RCX=0x0000000000000000, RDX=0x0000000000000010
RSP=0x0000000021c2d680, RBP=0x0000000021c98f60, RSI=0x0000000002019a70, RDI=0x000000000200c570
R8 =0x000000001fc7f4f0, R9 =0x000000001fc7f4f0, R10=0x0000000000000000, R11=0x0000000021c2d6e0
R12=0x0000000021c8ba60, R13=0x000000001fc71ff0, R14=0x0000000000000038, R15=0x0000000000000354
RIP=0x00007fffc9f2f55e, EFLAGS=0x0000000000010202

Top of Stack: (sp=0x0000000021c2d680)
0x0000000021c2d680:   0000000000000000 0000000000000001
0x0000000021c2d690:   0000000000000000 0000000000000000
0x0000000021c2d6a0:   0000000021c2d7b0 00007fffc9f32298
0x0000000021c2d6b0:   0000000000000003 0000000000000354
0x0000000021c2d6c0:   0000000000000000 0000000000000000
0x0000000021c2d6d0:   0000000021c2d6e0 0000000000000003
0x0000000021c2d6e0:   000000b100000354 fffffffffffffffe
0x0000000021c2d6f0:   0000000242ff4010 0000011c000000b1
0x0000000021c2d700:   000000001fc66590 0000000000000000
0x0000000021c2d710:   000000001fc66590 000000001fc8b2a4
0x0000000021c2d720:   000000001fc8b2a4 0000000000000000
0x0000000021c2d730:   0000000021c2d6f8 0000000021c2d740
0x0000000021c2d740:   0000000000000354 0000000000000003
0x0000000021c2d750:   0000000242ff4010 0000011c000000b1
0x0000000021c2d760:   0000000021c80000 0000000000000000
0x0000000021c2d770:   0000000021c80000 0000000021ca4d14 

Instructions: (pc=0x00007fffc9f2f55e)
0x00007fffc9f2f53e:   f9 49 2b f1 4d 8b c1 66 66 66 0f 1f 84 00 00 00
0x00007fffc9f2f54e:   00 00 41 8b 00 42 8b 0c 03 83 c2 10 42 89 04 07
0x00007fffc9f2f55e:   42 89 0c 06 41 8b 40 04 42 8b 4c 03 04 42 89 44
0x00007fffc9f2f56e:   07 04 49 83 c2 10 42 89 4c 06 04 41 8b 40 08 42 


Register to memory mapping:

RAX=0x0000000000000000 is an unknown value
RBX=0xffffffffffff2b00 is an unknown value
RCX=0x0000000000000000 is an unknown value
RDX=0x0000000000000010 is an unknown value
RSP=0x0000000021c2d680 is pointing into the stack for thread: 0x000000001feb0800
RBP=0x0000000021c98f60 is an unknown value
RSI=0x0000000002019a70 is an unknown value
RDI=0x000000000200c570 is an unknown value
R8 =0x000000001fc7f4f0 is an unknown value
R9 =0x000000001fc7f4f0 is an unknown value
R10=0x0000000000000000 is an unknown value
R11=0x0000000021c2d6e0 is pointing into the stack for thread: 0x000000001feb0800
R12=0x0000000021c8ba60 is an unknown value
R13=0x000000001fc71ff0 is an unknown value
R14=0x0000000000000038 is an unknown value
R15=0x0000000000000354 is an unknown value


Stack: [0x0000000021b30000,0x0000000021c30000],  sp=0x0000000021c2d680,  free space=1013k
Native frames: (J=compiled Java code, j=interpreted, Vv=VM code, C=native code)
C  [opencv_core2411.dll+0x5f55e]
C  [opencv_core2411.dll+0x62298]
C  [opencv_core2411.dll+0x63b10]
C  [opencv_highgui2411.dll+0xc725]
C  [opencv_highgui2411.dll+0x12f6e]
C  [opencv_highgui2411.dll+0xe2f1]
C  [jniopencv_highgui.dll+0x1d7d3]
C  0x0000000003255b74

Java frames: (J=compiled Java code, j=interpreted, Vv=VM code)
j  org.bytedeco.javacpp.opencv_highgui.imshow(Ljava/lang/String;Lorg/bytedeco/javacpp/opencv_core$Mat;)V+0
j  edu.umkc.ic.ImageUtils$.descriptors(Ljava/lang/String;)Lorg/bytedeco/javacpp/opencv_core$Mat;+308
j  edu.umkc.ic.IPApp$$anonfun$1.apply(Lscala/Tuple2;)Lscala/collection/immutable/List;+23
j  edu.umkc.ic.IPApp$$anonfun$1.apply(Ljava/lang/Object;)Ljava/lang/Object;+5
j  scala.collection.Iterator$$anon$11.next()Ljava/lang/Object;+13
J 2841 C1 scala.collection.Iterator$class.foreach(Lscala/collection/Iterator;Lscala/Function1;)V (26 bytes) @ 0x0000000003a2c99c [0x0000000003a2c8a0+0xfc]
j  scala.collection.AbstractIterator.foreach(Lscala/Function1;)V+2
j  scala.collection.TraversableOnce$class.reduceLeft(Lscala/collection/TraversableOnce;Lscala/Function2;)Ljava/lang/Object;+44
j  scala.collection.AbstractIterator.reduceLeft(Lscala/Function2;)Ljava/lang/Object;+2
j  org.apache.spark.rdd.RDD$$anonfun$reduce$1$$anonfun$14.apply(Lscala/collection/Iterator;)Lscala/Option;+18
j  org.apache.spark.rdd.RDD$$anonfun$reduce$1$$anonfun$14.apply(Ljava/lang/Object;)Ljava/lang/Object;+5
j  org.apache.spark.SparkContext$$anonfun$36.apply(Lorg/apache/spark/TaskContext;Lscala/collection/Iterator;)Ljava/lang/Object;+5
j  org.apache.spark.SparkContext$$anonfun$36.apply(Ljava/lang/Object;Ljava/lang/Object;)Ljava/lang/Object;+9
j  org.apache.spark.scheduler.ResultTask.runTask(Lorg/apache/spark/TaskContext;)Ljava/lang/Object;+154
j  org.apache.spark.scheduler.Task.run(JI)Ljava/lang/Object;+82
j  org.apache.spark.executor.Executor$TaskRunner.run()V+321
j  java.util.concurrent.ThreadPoolExecutor.runWorker(Ljava/util/concurrent/ThreadPoolExecutor$Worker;)V+95
j  java.util.concurrent.ThreadPoolExecutor$Worker.run()V+5
j  java.lang.Thread.run()V+11
v  ~StubRoutines::call_stub

---------------  P R O C E S S  ---------------

Java Threads: ( => current thread )
  0x000000001fead000 JavaThread "Executor task launch worker-1" daemon [_thread_in_native, id=5028, stack(0x0000000022c90000,0x0000000022d90000)]
=>0x000000001feb0800 JavaThread "Executor task launch worker-0" daemon [_thread_in_native, id=13084, stack(0x0000000021b30000,0x0000000021c30000)]
  0x000000001feac800 JavaThread "SparkListenerBus" daemon [_thread_blocked, id=13068, stack(0x0000000021630000,0x0000000021730000)]
  0x000000001fea5000 JavaThread "Spark Context Cleaner" daemon [_thread_blocked, id=9580, stack(0x0000000021530000,0x0000000021630000)]
  0x000000001feab800 JavaThread "shuffle-server-0" daemon [_thread_in_native, id=12752, stack(0x0000000023280000,0x0000000023380000)]
  0x000000001fea4000 JavaThread "driver-heartbeater" daemon [_thread_blocked, id=8356, stack(0x0000000021120000,0x0000000021220000)]
  0x000000001fea9800 JavaThread "dag-scheduler-event-loop" daemon [_thread_blocked, id=1088, stack(0x0000000021020000,0x0000000021120000)]
  0x000000001feaa000 JavaThread "Timer-0" daemon [_thread_blocked, id=12004, stack(0x0000000021230000,0x0000000021330000)]
  0x000000001fea7000 JavaThread "heartbeat-receiver-event-loop-thread" daemon [_thread_blocked, id=7020, stack(0x0000000020f20000,0x0000000021020000)]
  0x000000001fea8000 JavaThread "qtp1358857082-50" daemon [_thread_blocked, id=9496, stack(0x0000000020d20000,0x0000000020e20000)]
  0x000000001fea8800 JavaThread "qtp1358857082-49" daemon [_thread_blocked, id=12392, stack(0x0000000020c20000,0x0000000020d20000)]
  0x000000001fea6800 JavaThread "qtp1358857082-48" daemon [_thread_blocked, id=12116, stack(0x0000000020b20000,0x0000000020c20000)]
  0x000000001feab000 JavaThread "qtp1358857082-47" daemon [_thread_blocked, id=12504, stack(0x0000000020a20000,0x0000000020b20000)]
  0x000000001ad57800 JavaThread "qtp1358857082-46" daemon [_thread_blocked, id=11600, stack(0x0000000020920000,0x0000000020a20000)]
  0x000000001ad56000 JavaThread "qtp1358857082-45 Acceptor0 SelectChannelConnector@0.0.0.0:4040" daemon [_thread_in_native, id=11804, stack(0x0000000020820000,0x0000000020920000)]
  0x000000001ad53800 JavaThread "qtp1358857082-44 Selector0" daemon [_thread_in_native, id=10752, stack(0x0000000020720000,0x0000000020820000)]
  0x000000001ad55000 JavaThread "qtp1358857082-43" daemon [_thread_blocked, id=4420, stack(0x000000001f390000,0x000000001f490000)]
  0x000000001ad53000 JavaThread "refresh progress" daemon [_thread_blocked, id=10356, stack(0x000000001f290000,0x000000001f390000)]
  0x000000001ad59800 JavaThread "SPARK_CONTEXT cleanup timer" daemon [_thread_blocked, id=12992, stack(0x000000001f190000,0x000000001f290000)]
  0x000000001ad54800 JavaThread "qtp1900366749-39" daemon [_thread_blocked, id=7996, stack(0x000000001f090000,0x000000001f190000)]
  0x000000001ad59000 JavaThread "qtp1900366749-38" daemon [_thread_blocked, id=11936, stack(0x000000001ef90000,0x000000001f090000)]
  0x000000001ad56800 JavaThread "qtp1900366749-37" daemon [_thread_blocked, id=9584, stack(0x000000001ee90000,0x000000001ef90000)]
  0x000000001ad58000 JavaThread "qtp1900366749-36" daemon [_thread_blocked, id=11752, stack(0x000000001ed90000,0x000000001ee90000)]
  0x000000001ad4b800 JavaThread "qtp1900366749-35" daemon [_thread_blocked, id=10176, stack(0x000000001ec90000,0x000000001ed90000)]
  0x000000001ad52000 JavaThread "qtp1900366749-34" daemon [_thread_blocked, id=10544, stack(0x000000001ea90000,0x000000001eb90000)]
  0x000000001ad50800 JavaThread "qtp1900366749-33 Acceptor0 SocketConnector@0.0.0.0:60016" daemon [_thread_in_native, id=12480, stack(0x000000001e990000,0x000000001ea90000)]
  0x000000001ad4f000 JavaThread "qtp1900366749-32" daemon [_thread_blocked, id=12476, stack(0x000000001e890000,0x000000001e990000)]
  0x000000001ad4c000 JavaThread "BROADCAST_VARS cleanup timer" daemon [_thread_blocked, id=11620, stack(0x000000001e590000,0x000000001e690000)]
  0x000000001ad50000 JavaThread "BLOCK_MANAGER cleanup timer" daemon [_thread_blocked, id=12532, stack(0x000000001e490000,0x000000001e590000)]
  0x000000001ad4e800 JavaThread "MAP_OUTPUT_TRACKER cleanup timer" daemon [_thread_blocked, id=12520, stack(0x000000001e390000,0x000000001e490000)]
  0x000000001ad4a800 JavaThread "New I/O server boss #6" daemon [_thread_in_native, id=11520, stack(0x000000001e090000,0x000000001e190000)]
  0x000000001ad4d800 JavaThread "New I/O worker #5" daemon [_thread_in_native, id=6996, stack(0x000000001de90000,0x000000001df90000)]
  0x000000001ad4d000 JavaThread "New I/O worker #4" daemon [_thread_in_native, id=10480, stack(0x000000001dd90000,0x000000001de90000)]
  0x000000001ad51800 JavaThread "New I/O boss #3" daemon [_thread_in_native, id=11196, stack(0x000000001ccc0000,0x000000001cdc0000)]
  0x000000001a403800 JavaThread "New I/O worker #2" daemon [_thread_in_native, id=3412, stack(0x000000001cbc0000,0x000000001ccc0000)]
  0x000000001a402800 JavaThread "New I/O worker #1" daemon [_thread_in_native, id=9976, stack(0x000000001cac0000,0x000000001cbc0000)]
  0x000000001a402000 JavaThread "sparkDriver-akka.remote.default-remote-dispatcher-6" daemon [_thread_blocked, id=9460, stack(0x000000001c9c0000,0x000000001cac0000)]
  0x000000001a400800 JavaThread "sparkDriver-akka.remote.default-remote-dispatcher-5" daemon [_thread_blocked, id=3732, stack(0x000000001c6c0000,0x000000001c7c0000)]
  0x000000001a401000 JavaThread "sparkDriver-akka.actor.default-dispatcher-4" daemon [_thread_blocked, id=13308, stack(0x000000001c5c0000,0x000000001c6c0000)]
  0x000000001a3ff800 JavaThread "sparkDriver-akka.actor.default-dispatcher-3" daemon [_thread_blocked, id=11080, stack(0x000000001c4c0000,0x000000001c5c0000)]
  0x000000001a3fd800 JavaThread "sparkDriver-akka.actor.default-dispatcher-2" daemon [_thread_blocked, id=1488, stack(0x000000001c3c0000,0x000000001c4c0000)]
  0x000000001a3ff000 JavaThread "sparkDriver-scheduler-1" daemon [_thread_blocked, id=12108, stack(0x000000001c2c0000,0x000000001c3c0000)]
  0x000000001a3fe000 JavaThread "Thread-2" daemon [_thread_in_native, id=11900, stack(0x000000001bdc0000,0x000000001bec0000)]
  0x000000001a3ec000 JavaThread "Monitor Ctrl-Break" daemon [_thread_in_native, id=12336, stack(0x000000001b580000,0x000000001b680000)]
  0x00000000196d8800 JavaThread "Service Thread" daemon [_thread_blocked, id=12056, stack(0x0000000019ab0000,0x0000000019bb0000)]
  0x0000000017e72000 JavaThread "C1 CompilerThread2" daemon [_thread_blocked, id=12280, stack(0x00000000195b0000,0x00000000196b0000)]
  0x0000000017e6a000 JavaThread "C2 CompilerThread1" daemon [_thread_blocked, id=11628, stack(0x00000000194b0000,0x00000000195b0000)]
  0x0000000017e68000 JavaThread "C2 CompilerThread0" daemon [_thread_blocked, id=3260, stack(0x00000000193b0000,0x00000000194b0000)]
  0x0000000017e66800 JavaThread "Attach Listener" daemon [_thread_blocked, id=11204, stack(0x00000000192b0000,0x00000000193b0000)]
  0x0000000017e65800 JavaThread "Signal Dispatcher" daemon [_thread_blocked, id=9324, stack(0x00000000191b0000,0x00000000192b0000)]
  0x000000000323d000 JavaThread "Finalizer" daemon [_thread_blocked, id=112, stack(0x00000000190b0000,0x00000000191b0000)]
  0x0000000003234000 JavaThread "Reference Handler" daemon [_thread_blocked, id=11064, stack(0x0000000018fb0000,0x00000000190b0000)]
  0x0000000003149000 JavaThread "main" [_thread_blocked, id=12256, stack(0x0000000002f40000,0x0000000003040000)]

Other Threads:
  0x0000000017e27000 VMThread [stack: 0x0000000018eb0000,0x0000000018fb0000] [id=392]
  0x00000000196f1000 WatcherThread [stack: 0x0000000019bb0000,0x0000000019cb0000] [id=2760]

VM state:not at safepoint (normal execution)

VM Mutex/Monitor currently owned by a thread: None

Heap:
 PSYoungGen      total 121344K, used 102982K [0x00000000d5580000, 0x00000000df600000, 0x0000000100000000)
  eden space 112128K, 85% used [0x00000000d5580000,0x00000000db2e9378,0x00000000dc300000)
  from space 9216K, 79% used [0x00000000dc300000,0x00000000dca28568,0x00000000dcc00000)
  to   space 9728K, 0% used [0x00000000dec80000,0x00000000dec80000,0x00000000df600000)
 ParOldGen       total 67584K, used 7657K [0x0000000080000000, 0x0000000084200000, 0x00000000d5580000)
  object space 67584K, 11% used [0x0000000080000000,0x000000008077a438,0x0000000084200000)
 Metaspace       used 42563K, capacity 42826K, committed 43008K, reserved 1085440K
  class space    used 6045K, capacity 6112K, committed 6144K, reserved 1048576K

Card table byte_map: [0x0000000012600000,0x0000000012a10000] byte_map_base: 0x0000000012200000

Marking Bits: (ParMarkBitMap*) 0x000000006519d4f0
 Begin Bits: [0x00000000130c0000, 0x00000000150c0000)
 End Bits:   [0x00000000150c0000, 0x00000000170c0000)

Polling page: 0x0000000001690000

CodeCache: size=245760Kb used=9402Kb max_used=9402Kb free=236357Kb
 bounds [0x0000000003240000, 0x0000000003b80000, 0x0000000012240000]
 total_blobs=3498 nmethods=2795 adapters=616
 compilation: enabled

Compilation events (10 events):
Event: 18.123 Thread 0x0000000017e72000 3071       3       edu.umkc.ic.ColorDetector::process (393 bytes)
Event: 18.129 Thread 0x0000000017e72000 nmethod 3071 0x0000000003b72110 code [0x0000000003b726a0, 0x0000000003b76a38]
Event: 18.164 Thread 0x0000000017e72000 3074       3       java.util.LinkedList::listIterator (15 bytes)
Event: 18.165 Thread 0x0000000017e72000 nmethod 3074 0x0000000003b55d50 code [0x0000000003b55f00, 0x0000000003b56368]
Event: 18.165 Thread 0x0000000017e72000 3075       3       java.util.LinkedList$ListItr::<init> (47 bytes)
Event: 18.166 Thread 0x0000000017e72000 nmethod 3075 0x0000000003b55810 code [0x0000000003b55980, 0x0000000003b55c28]
Event: 18.166 Thread 0x0000000017e72000 3073       3       java.util.AbstractList::listIterator (6 bytes)
Event: 18.166 Thread 0x0000000017e72000 nmethod 3073 0x0000000003b553d0 code [0x0000000003b55540, 0x0000000003b55768]
Event: 18.166 Thread 0x0000000017e72000 3072       3       java.util.AbstractSequentialList::iterator (5 bytes)
Event: 18.167 Thread 0x0000000017e72000 nmethod 3072 0x0000000003b52e90 code [0x0000000003b53000, 0x0000000003b532e8]

GC Heap History (10 events):
Event: 13.387 GC heap before
{Heap before GC invocations=7 (full 1):
 PSYoungGen      total 38400K, used 36423K [0x00000000d5580000, 0x00000000d9f80000, 0x0000000100000000)
  eden space 33280K, 100% used [0x00000000d5580000,0x00000000d7600000,0x00000000d7600000)
  from space 5120K, 61% used [0x00000000d7600000,0x00000000d7911df8,0x00000000d7b00000)
  to   space 7168K, 0% used [0x00000000d9880000,0x00000000d9880000,0x00000000d9f80000)
 ParOldGen       total 45568K, used 5726K [0x0000000080000000, 0x0000000082c80000, 0x00000000d5580000)
  object space 45568K, 12% used [0x0000000080000000,0x0000000080597b10,0x0000000082c80000)
 Metaspace       used 26959K, capacity 27118K, committed 27520K, reserved 1073152K
  class space    used 3821K, capacity 3861K, committed 3968K, reserved 1048576K
Event: 13.395 GC heap after
Heap after GC invocations=7 (full 1):
 PSYoungGen      total 68608K, used 3861K [0x00000000d5580000, 0x00000000d9f80000, 0x0000000100000000)
  eden space 61440K, 0% used [0x00000000d5580000,0x00000000d5580000,0x00000000d9180000)
  from space 7168K, 53% used [0x00000000d9880000,0x00000000d9c45548,0x00000000d9f80000)
  to   space 7168K, 0% used [0x00000000d9180000,0x00000000d9180000,0x00000000d9880000)
 ParOldGen       total 45568K, used 5734K [0x0000000080000000, 0x0000000082c80000, 0x00000000d5580000)
  object space 45568K, 12% used [0x0000000080000000,0x0000000080599b10,0x0000000082c80000)
 Metaspace       used 26959K, capacity 27118K, committed 27520K, reserved 1073152K
  class space    used 3821K, capacity 3861K, committed 3968K, reserved 1048576K
}
Event: 14.370 GC heap before
{Heap before GC invocations=8 (full 1):
 PSYoungGen      total 68608K, used 65301K [0x00000000d5580000, 0x00000000d9f80000, 0x0000000100000000)
  eden space 61440K, 100% used [0x00000000d5580000,0x00000000d9180000,0x00000000d9180000)
  from space 7168K, 53% used [0x00000000d9880000,0x00000000d9c45548,0x00000000d9f80000)
  to   space 7168K, 0% used [0x00000000d9180000,0x00000000d9180000,0x00000000d9880000)
 ParOldGen       total 45568K, used 5734K [0x0000000080000000, 0x0000000082c80000, 0x00000000d5580000)
  object space 45568K, 12% used [0x0000000080000000,0x0000000080599b10,0x0000000082c80000)
 Metaspace       used 34028K, capacity 34158K, committed 34432K, reserved 1079296K
  class space    used 4849K, capacity 4885K, committed 4992K, reserved 1048576K
Event: 14.378 GC heap after
Heap after GC invocations=8 (full 1):
 PSYoungGen      total 68608K, used 7148K [0x00000000d5580000, 0x00000000dd500000, 0x0000000100000000)
  eden space 61440K, 0% used [0x00000000d5580000,0x00000000d5580000,0x00000000d9180000)
  from space 7168K, 99% used [0x00000000d9180000,0x00000000d987b160,0x00000000d9880000)
  to   space 9216K, 0% used [0x00000000dcc00000,0x00000000dcc00000,0x00000000dd500000)
 ParOldGen       total 45568K, used 8127K [0x0000000080000000, 0x0000000082c80000, 0x00000000d5580000)
  object space 45568K, 17% used [0x0000000080000000,0x00000000807efc48,0x0000000082c80000)
 Metaspace       used 34028K, capacity 34158K, committed 34432K, reserved 1079296K
  class space    used 4849K, capacity 4885K, committed 4992K, reserved 1048576K
}
Event: 14.549 GC heap before
{Heap before GC invocations=9 (full 1):
 PSYoungGen      total 68608K, used 17647K [0x00000000d5580000, 0x00000000dd500000, 0x0000000100000000)
  eden space 61440K, 17% used [0x00000000d5580000,0x00000000d5fc0d40,0x00000000d9180000)
  from space 7168K, 99% used [0x00000000d9180000,0x00000000d987b160,0x00000000d9880000)
  to   space 9216K, 0% used [0x00000000dcc00000,0x00000000dcc00000,0x00000000dd500000)
 ParOldGen       total 45568K, used 8127K [0x0000000080000000, 0x0000000082c80000, 0x00000000d5580000)
  object space 45568K, 17% used [0x0000000080000000,0x00000000807efc48,0x0000000082c80000)
 Metaspace       used 35023K, capacity 35150K, committed 35416K, reserved 1079296K
  class space    used 4990K, capacity 5045K, committed 5120K, reserved 1048576K
Event: 14.553 GC heap after
Heap after GC invocations=9 (full 1):
 PSYoungGen      total 121344K, used 3605K [0x00000000d5580000, 0x00000000dd680000, 0x0000000100000000)
  eden space 112128K, 0% used [0x00000000d5580000,0x00000000d5580000,0x00000000dc300000)
  from space 9216K, 39% used [0x00000000dcc00000,0x00000000dcf85440,0x00000000dd500000)
  to   space 9216K, 0% used [0x00000000dc300000,0x00000000dc300000,0x00000000dcc00000)
 ParOldGen       total 45568K, used 8135K [0x0000000080000000, 0x0000000082c80000, 0x00000000d5580000)
  object space 45568K, 17% used [0x0000000080000000,0x00000000807f1c48,0x0000000082c80000)
 Metaspace       used 35023K, capacity 35150K, committed 35416K, reserved 1079296K
  class space    used 4990K, capacity 5045K, committed 5120K, reserved 1048576K
}
Event: 14.553 GC heap before
{Heap before GC invocations=10 (full 2):
 PSYoungGen      total 121344K, used 3605K [0x00000000d5580000, 0x00000000dd680000, 0x0000000100000000)
  eden space 112128K, 0% used [0x00000000d5580000,0x00000000d5580000,0x00000000dc300000)
  from space 9216K, 39% used [0x00000000dcc00000,0x00000000dcf85440,0x00000000dd500000)
  to   space 9216K, 0% used [0x00000000dc300000,0x00000000dc300000,0x00000000dcc00000)
 ParOldGen       total 45568K, used 8135K [0x0000000080000000, 0x0000000082c80000, 0x00000000d5580000)
  object space 45568K, 17% used [0x0000000080000000,0x00000000807f1c48,0x0000000082c80000)
 Metaspace       used 35023K, capacity 35150K, committed 35416K, reserved 1079296K
  class space    used 4990K, capacity 5045K, committed 5120K, reserved 1048576K
Event: 14.612 GC heap after
Heap after GC invocations=10 (full 2):
 PSYoungGen      total 121344K, used 0K [0x00000000d5580000, 0x00000000dd680000, 0x0000000100000000)
  eden space 112128K, 0% used [0x00000000d5580000,0x00000000d5580000,0x00000000dc300000)
  from space 9216K, 0% used [0x00000000dcc00000,0x00000000dcc00000,0x00000000dd500000)
  to   space 9216K, 0% used [0x00000000dc300000,0x00000000dc300000,0x00000000dcc00000)
 ParOldGen       total 67584K, used 7649K [0x0000000080000000, 0x0000000084200000, 0x00000000d5580000)
  object space 67584K, 11% used [0x0000000080000000,0x0000000080778438,0x0000000084200000)
 Metaspace       used 35023K, capacity 35150K, committed 35416K, reserved 1079296K
  class space    used 4990K, capacity 5045K, committed 5120K, reserved 1048576K
}
Event: 15.672 GC heap before
{Heap before GC invocations=11 (full 2):
 PSYoungGen      total 121344K, used 112128K [0x00000000d5580000, 0x00000000dd680000, 0x0000000100000000)
  eden space 112128K, 100% used [0x00000000d5580000,0x00000000dc300000,0x00000000dc300000)
  from space 9216K, 0% used [0x00000000dcc00000,0x00000000dcc00000,0x00000000dd500000)
  to   space 9216K, 0% used [0x00000000dc300000,0x00000000dc300000,0x00000000dcc00000)
 ParOldGen       total 67584K, used 7649K [0x0000000080000000, 0x0000000084200000, 0x00000000d5580000)
  object space 67584K, 11% used [0x0000000080000000,0x0000000080778438,0x0000000084200000)
 Metaspace       used 38838K, capacity 39096K, committed 39296K, reserved 1083392K
  class space    used 5595K, capacity 5661K, committed 5760K, reserved 1048576K
Event: 15.683 GC heap after
Heap after GC invocations=11 (full 2):
 PSYoungGen      total 121344K, used 7329K [0x00000000d5580000, 0x00000000df600000, 0x0000000100000000)
  eden space 112128K, 0% used [0x00000000d5580000,0x00000000d5580000,0x00000000dc300000)
  from space 9216K, 79% used [0x00000000dc300000,0x00000000dca28568,0x00000000dcc00000)
  to   space 9728K, 0% used [0x00000000dec80000,0x00000000dec80000,0x00000000df600000)
 ParOldGen       total 67584K, used 7657K [0x0000000080000000, 0x0000000084200000, 0x00000000d5580000)
  object space 67584K, 11% used [0x0000000080000000,0x000000008077a438,0x0000000084200000)
 Metaspace       used 38838K, capacity 39096K, committed 39296K, reserved 1083392K
  class space    used 5595K, capacity 5661K, committed 5760K, reserved 1048576K
}

Deoptimization events (10 events):
Event: 15.143 Thread 0x000000001fead000 Uncommon trap: reason=class_check action=maybe_recompile pc=0x00000000036c7fc4 method=java.util.concurrent.ConcurrentHashMap.putVal(Ljava/lang/Object;Ljava/lang/Object;Z)Ljava/lang/Object; @ 192
Event: 15.144 Thread 0x000000001feb0800 Uncommon trap: reason=class_check action=maybe_recompile pc=0x00000000036c7fc4 method=java.util.concurrent.ConcurrentHashMap.putVal(Ljava/lang/Object;Ljava/lang/Object;Z)Ljava/lang/Object; @ 192
Event: 15.542 Thread 0x000000001feb0800 Uncommon trap: reason=predicate action=maybe_recompile pc=0x00000000039e98ac method=java.util.LinkedList.toArray([Ljava/lang/Object;)[Ljava/lang/Object; @ 45
Event: 15.569 Thread 0x000000001feb0800 Uncommon trap: reason=array_check action=maybe_recompile pc=0x00000000039f22e8 method=java.util.LinkedList.toArray([Ljava/lang/Object;)[Ljava/lang/Object; @ 55
Event: 15.569 Thread 0x000000001feb0800 Uncommon trap: reason=array_check action=maybe_recompile pc=0x00000000039f22e8 method=java.util.LinkedList.toArray([Ljava/lang/Object;)[Ljava/lang/Object; @ 55
Event: 15.569 Thread 0x000000001feb0800 Uncommon trap: reason=array_check action=maybe_recompile pc=0x00000000039f22e8 method=java.util.LinkedList.toArray([Ljava/lang/Object;)[Ljava/lang/Object; @ 55
Event: 15.569 Thread 0x000000001feb0800 Uncommon trap: reason=array_check action=maybe_recompile pc=0x00000000039f22e8 method=java.util.LinkedList.toArray([Ljava/lang/Object;)[Ljava/lang/Object; @ 55
Event: 15.716 Thread 0x000000001feb0800 Uncommon trap: reason=null_check action=make_not_entrant pc=0x000000000397061c method=java.nio.charset.CoderResult$Cache.get(I)Ljava/nio/charset/CoderResult; @ 69
Event: 15.764 Thread 0x000000001fead000 Uncommon trap: reason=class_check action=maybe_recompile pc=0x00000000037b00e8 method=java.net.URLClassLoader.defineClass(Ljava/lang/String;Lsun/misc/Resource;)Ljava/lang/Class; @ 13
Event: 17.167 Thread 0x000000001feb0800 Uncommon trap: reason=class_check action=maybe_recompile pc=0x00000000037840a4 method=java.net.URLClassLoader.defineClass(Ljava/lang/String;Lsun/misc/Resource;)Ljava/lang/Class; @ 13

Internal exceptions (10 events):
Event: 17.900 Thread 0x000000001fead000 Exception <a 'java/security/PrivilegedActionException'> (0x00000000dab72470) thrown at [C:\workspace\8-2-build-windows-amd64-cygwin\jdk8u31\2394\hotspot\src\share\vm\prims\jvm.cpp, line 1312]
Event: 17.901 Thread 0x000000001fead000 Exception <a 'java/security/PrivilegedActionException'> (0x00000000dab89ff8) thrown at [C:\workspace\8-2-build-windows-amd64-cygwin\jdk8u31\2394\hotspot\src\share\vm\prims\jvm.cpp, line 1312]
Event: 17.908 Thread 0x000000001fead000 Exception <a 'java/security/PrivilegedActionException'> (0x00000000dac11f60) thrown at [C:\workspace\8-2-build-windows-amd64-cygwin\jdk8u31\2394\hotspot\src\share\vm\prims\jvm.cpp, line 1312]
Event: 17.909 Thread 0x000000001fead000 Exception <a 'java/security/PrivilegedActionException'> (0x00000000dac30b78) thrown at [C:\workspace\8-2-build-windows-amd64-cygwin\jdk8u31\2394\hotspot\src\share\vm\prims\jvm.cpp, line 1312]
Event: 17.916 Thread 0x000000001fead000 Exception <a 'java/security/PrivilegedActionException'> (0x00000000dacb6e40) thrown at [C:\workspace\8-2-build-windows-amd64-cygwin\jdk8u31\2394\hotspot\src\share\vm\prims\jvm.cpp, line 1312]
Event: 18.078 Thread 0x000000001fead000 Exception <a 'java/security/PrivilegedActionException'> (0x00000000dafe5328) thrown at [C:\workspace\8-2-build-windows-amd64-cygwin\jdk8u31\2394\hotspot\src\share\vm\prims\jvm.cpp, line 1312]
Event: 18.079 Thread 0x000000001fead000 Exception <a 'java/security/PrivilegedActionException'> (0x00000000daff9240) thrown at [C:\workspace\8-2-build-windows-amd64-cygwin\jdk8u31\2394\hotspot\src\share\vm\prims\jvm.cpp, line 1312]
Event: 18.079 Thread 0x000000001fead000 Exception <a 'java/security/PrivilegedActionException'> (0x00000000db00ab68) thrown at [C:\workspace\8-2-build-windows-amd64-cygwin\jdk8u31\2394\hotspot\src\share\vm\prims\jvm.cpp, line 1312]
Event: 18.080 Thread 0x000000001fead000 Exception <a 'java/security/PrivilegedActionException'> (0x00000000db01e9d8) thrown at [C:\workspace\8-2-build-windows-amd64-cygwin\jdk8u31\2394\hotspot\src\share\vm\prims\jvm.cpp, line 1312]
Event: 18.082 Thread 0x000000001feb0800 Exception <a 'java/security/PrivilegedActionException'> (0x00000000d85caa10) thrown at [C:\workspace\8-2-build-windows-amd64-cygwin\jdk8u31\2394\hotspot\src\share\vm\prims\jvm.cpp, line 1312]

Events (10 events):
Event: 18.078 loading class org/bytedeco/javacpp/indexer/UByteBufferIndexer
Event: 18.078 loading class org/bytedeco/javacpp/indexer/UByteBufferIndexer done
Event: 18.079 loading class org/bytedeco/javacpp/indexer/UByteIndexer$1
Event: 18.079 loading class org/bytedeco/javacpp/indexer/UByteIndexer$1 done
Event: 18.079 loading class org/bytedeco/javacpp/indexer/UByteArrayIndexer
Event: 18.079 loading class org/bytedeco/javacpp/indexer/UByteArrayIndexer done
Event: 18.080 loading class edu/umkc/ic/ColorDetector$$anonfun$process$1
Event: 18.080 loading class edu/umkc/ic/ColorDetector$$anonfun$process$1 done
Event: 18.082 loading class edu/umkc/ic/ColorRGB$
Event: 18.082 loading class edu/umkc/ic/ColorRGB$ done


Dynamic libraries:
0x00007ff779ef0000 - 0x00007ff779f24000 	C:\Program Files\Java\jdk1.8.0_31\bin\java.exe
0x00007ffff0c10000 - 0x00007ffff0dd1000 	C:\WINDOWS\SYSTEM32\ntdll.dll
0x00007fffee650000 - 0x00007fffee6fd000 	C:\WINDOWS\system32\KERNEL32.DLL
0x00007fffedf90000 - 0x00007fffee16d000 	C:\WINDOWS\system32\KERNELBASE.dll
0x00007fffee880000 - 0x00007fffee926000 	C:\WINDOWS\system32\ADVAPI32.dll
0x00007fffeeb10000 - 0x00007fffeebad000 	C:\WINDOWS\system32\msvcrt.dll
0x00007fffee7c0000 - 0x00007fffee81b000 	C:\WINDOWS\system32\sechost.dll
0x00007ffff0300000 - 0x00007ffff0426000 	C:\WINDOWS\system32\RPCRT4.dll
0x00007fffee500000 - 0x00007fffee64e000 	C:\WINDOWS\system32\USER32.dll
0x00007ffff0430000 - 0x00007ffff05b6000 	C:\WINDOWS\system32\GDI32.dll
0x00007fffe3100000 - 0x00007fffe3374000 	C:\WINDOWS\WinSxS\amd64_microsoft.windows.common-controls_6595b64144ccf1df_6.0.10240.16384_none_f41f7b285750ef43\COMCTL32.dll
0x00007fffee780000 - 0x00007fffee7b6000 	C:\WINDOWS\system32\IMM32.DLL
0x00007ffff0770000 - 0x00007ffff08cc000 	C:\WINDOWS\system32\MSCTF.dll
0x0000000065f70000 - 0x0000000066042000 	C:\Program Files\Java\jdk1.8.0_31\jre\bin\msvcr100.dll
0x00000000649c0000 - 0x000000006521a000 	C:\Program Files\Java\jdk1.8.0_31\jre\bin\server\jvm.dll
0x00007ffff0c00000 - 0x00007ffff0c08000 	C:\WINDOWS\system32\PSAPI.DLL
0x00007fffdd130000 - 0x00007fffdd139000 	C:\WINDOWS\SYSTEM32\WSOCK32.dll
0x00007fffebcc0000 - 0x00007fffebce3000 	C:\WINDOWS\SYSTEM32\WINMM.dll
0x00007ffff0290000 - 0x00007ffff02f9000 	C:\WINDOWS\system32\WS2_32.dll
0x00007fffeec70000 - 0x00007fffeec78000 	C:\WINDOWS\system32\NSI.dll
0x00000000016c0000 - 0x00000000016ec000 	C:\WINDOWS\SYSTEM32\WINMMBASE.dll
0x00007fffed910000 - 0x00007fffed954000 	C:\WINDOWS\system32\cfgmgr32.dll
0x00007fffebf10000 - 0x00007fffebf37000 	C:\WINDOWS\SYSTEM32\DEVOBJ.dll
0x0000000065f60000 - 0x0000000065f6f000 	C:\Program Files\Java\jdk1.8.0_31\jre\bin\verify.dll
0x0000000065f30000 - 0x0000000065f58000 	C:\Program Files\Java\jdk1.8.0_31\jre\bin\java.dll
0x0000000065f10000 - 0x0000000065f26000 	C:\Program Files\Java\jdk1.8.0_31\jre\bin\zip.dll
0x00007fffeed60000 - 0x00007ffff0282000 	C:\WINDOWS\system32\SHELL32.dll
0x00007fffed960000 - 0x00007fffedf88000 	C:\WINDOWS\system32\windows.storage.dll
0x00007ffff0980000 - 0x00007ffff0bfc000 	C:\WINDOWS\system32\combase.dll
0x00007fffee720000 - 0x00007fffee771000 	C:\WINDOWS\system32\shlwapi.dll
0x00007fffed660000 - 0x00007fffed66f000 	C:\WINDOWS\system32\kernel.appcore.dll
0x00007fffee170000 - 0x00007fffee223000 	C:\WINDOWS\system32\shcore.dll
0x00007fffed670000 - 0x00007fffed6ba000 	C:\WINDOWS\system32\powrprof.dll
0x00007fffed6c0000 - 0x00007fffed6d3000 	C:\WINDOWS\system32\profapi.dll
0x00007fffe4fa0000 - 0x00007fffe4fb0000 	C:\Program Files (x86)\JetBrains\IntelliJ IDEA Community Edition 14.1.4\bin\breakgen64.dll
0x0000000065ef0000 - 0x0000000065f0a000 	C:\Program Files\Java\jdk1.8.0_31\jre\bin\net.dll
0x00007fffeceb0000 - 0x00007fffecf0d000 	C:\WINDOWS\system32\mswsock.dll
0x00007fffecf10000 - 0x00007fffecf27000 	C:\WINDOWS\SYSTEM32\CRYPTSP.dll
0x00007fffed180000 - 0x00007fffed1a8000 	C:\WINDOWS\SYSTEM32\bcrypt.dll
0x00007fffecb60000 - 0x00007fffecb93000 	C:\WINDOWS\system32\rsaenh.dll
0x00007fffecd00000 - 0x00007fffecd1f000 	C:\WINDOWS\SYSTEM32\USERENV.dll
0x00007fffed490000 - 0x00007fffed4fb000 	C:\WINDOWS\system32\bcryptprimitives.dll
0x00007fffed080000 - 0x00007fffed08b000 	C:\WINDOWS\SYSTEM32\CRYPTBASE.dll
0x00007fffe9040000 - 0x00007fffe9078000 	C:\WINDOWS\SYSTEM32\IPHLPAPI.DLL
0x00007fffe8fd0000 - 0x00007fffe8fdb000 	C:\WINDOWS\SYSTEM32\WINNSI.DLL
0x00007fffe5680000 - 0x00007fffe5696000 	C:\WINDOWS\SYSTEM32\dhcpcsvc6.DLL
0x00007fffe5660000 - 0x00007fffe567a000 	C:\WINDOWS\SYSTEM32\dhcpcsvc.DLL
0x0000000065ed0000 - 0x0000000065ee1000 	C:\Program Files\Java\jdk1.8.0_31\jre\bin\nio.dll
0x0000000065ec0000 - 0x0000000065ecd000 	C:\Program Files\Java\jdk1.8.0_31\jre\bin\management.dll
0x0000000065eb0000 - 0x0000000065eb9000 	C:\Program Files\Java\jdk1.8.0_31\jre\bin\w2k_lsa_auth.dll
0x00007fffdd5f0000 - 0x00007fffdd5fc000 	C:\WINDOWS\SYSTEM32\Secur32.dll
0x00007fffed290000 - 0x00007fffed2bc000 	C:\WINDOWS\SYSTEM32\SSPICLI.DLL
0x00007fffdeff0000 - 0x00007fffdf005000 	C:\WINDOWS\system32\napinsp.dll
0x00007fffda580000 - 0x00007fffda59a000 	C:\WINDOWS\system32\pnrpnsp.dll
0x00007fffe96a0000 - 0x00007fffe96b8000 	C:\WINDOWS\system32\NLAapi.dll
0x00007fffecc50000 - 0x00007fffeccf8000 	C:\WINDOWS\SYSTEM32\DNSAPI.dll
0x00007fffdf010000 - 0x00007fffdf01d000 	C:\WINDOWS\System32\winrnr.dll
0x0000000066140000 - 0x0000000066166000 	C:\Program Files\Bonjour\mdnsNSP.dll
0x00007fffe7d40000 - 0x00007fffe7d55000 	C:\WINDOWS\system32\wshbth.dll
0x00007fffe3000000 - 0x00007fffe300a000 	C:\Windows\System32\rasadhlp.dll
0x00007fffe4440000 - 0x00007fffe44a8000 	C:\WINDOWS\System32\fwpuclnt.dll
0x00007fffe02f0000 - 0x00007fffe0303000 	C:\hadoop\bin\hadoop.dll
0x00007fffec700000 - 0x00007fffec748000 	C:\WINDOWS\SYSTEM32\AUTHZ.dll
0x00007fffe37d0000 - 0x00007fffe37e7000 	C:\WINDOWS\SYSTEM32\NETAPI32.dll
0x00007fffe56a0000 - 0x00007fffe56b6000 	C:\WINDOWS\SYSTEM32\wkscli.dll
0x00007fffec920000 - 0x00007fffec92c000 	C:\WINDOWS\SYSTEM32\netutils.dll
0x00007fffec8d0000 - 0x00007fffec8f6000 	C:\WINDOWS\SYSTEM32\srvcli.dll
0x00007fffe73a0000 - 0x00007fffe73b8000 	C:\WINDOWS\SYSTEM32\SAMCLI.DLL
0x0000000065ea0000 - 0x0000000065ea9000 	C:\Program Files\Java\jdk1.8.0_31\jre\bin\jaas_nt.dll
0x0000000070280000 - 0x00000000702a9000 	C:\Users\Prudhvi Myneni\AppData\Local\Temp\snappy-unknown-5d29ddf8-2c0d-433b-a5fb-529e2b3d402b-snappyjava.dll
0x00000000645c0000 - 0x0000000064691000 	C:\Users\Prudhvi Myneni\AppData\Local\Temp\javacpp44557067035276\msvcr100.dll
0x0000000064520000 - 0x00000000645b8000 	C:\Users\Prudhvi Myneni\AppData\Local\Temp\javacpp44557067035276\msvcp100.dll
0x00007fffc9ed0000 - 0x00007fffca150000 	C:\Users\Prudhvi Myneni\AppData\Local\Temp\javacpp44557067035276\opencv_core2411.dll
0x00007fffca740000 - 0x00007fffca932000 	C:\Users\Prudhvi Myneni\AppData\Local\Temp\javacpp44557067035276\jniopencv_core.dll
0x00007fffc2d70000 - 0x00007fffc3031000 	C:\Users\Prudhvi Myneni\AppData\Local\Temp\javacpp44557067035276\opencv_imgproc2411.dll
0x00007fffd07e0000 - 0x00007fffd0888000 	C:\Users\Prudhvi Myneni\AppData\Local\Temp\javacpp44557067035276\jniopencv_imgproc.dll
0x0000000066840000 - 0x00000000676b4000 	C:\Users\Prudhvi Myneni\AppData\Local\Temp\javacpp44557067035276\opencv_ffmpeg2411_64.dll
0x00007fffc34b0000 - 0x00007fffc36fe000 	C:\Users\Prudhvi Myneni\AppData\Local\Temp\javacpp44557067035276\opencv_highgui2411.dll
0x00007ffff0620000 - 0x00007ffff0761000 	C:\WINDOWS\system32\ole32.dll
0x00007fffeebb0000 - 0x00007fffeec6e000 	C:\WINDOWS\system32\OLEAUT32.dll
0x00007fffe7af0000 - 0x00007fffe7b10000 	C:\WINDOWS\SYSTEM32\AVIFIL32.dll
0x00007fffdfcf0000 - 0x00007fffdfd08000 	C:\WINDOWS\SYSTEM32\AVICAP32.dll
0x00007fffdf9c0000 - 0x00007fffdf9e9000 	C:\WINDOWS\SYSTEM32\MSVFW32.dll
0x00007fffe0250000 - 0x00007fffe026c000 	C:\WINDOWS\SYSTEM32\MSACM32.dll
0x00007fffd5ad0000 - 0x00007fffd5b21000 	C:\Users\Prudhvi Myneni\AppData\Local\Temp\javacpp44557067035276\jniopencv_highgui.dll
0x00007fffd0740000 - 0x00007fffd07d8000 	C:\Users\Prudhvi Myneni\AppData\Local\Temp\javacpp44557067035276\opencv_flann2411.dll
0x00007fffdfcd0000 - 0x00007fffdfcec000 	C:\Users\Prudhvi Myneni\AppData\Local\Temp\javacpp44557067035276\jniopencv_flann.dll
0x00007fffcdba0000 - 0x00007fffcdc7a000 	C:\Users\Prudhvi Myneni\AppData\Local\Temp\javacpp44557067035276\opencv_features2d2411.dll
0x00007fffd16c0000 - 0x00007fffd1725000 	C:\Users\Prudhvi Myneni\AppData\Local\Temp\javacpp44557067035276\jniopencv_features2d.dll
0x00007fffcaf80000 - 0x00007fffcb0b5000 	C:\Users\Prudhvi Myneni\AppData\Local\Temp\javacpp44557067035276\opencv_calib3d2411.dll
0x00007fffdf870000 - 0x00007fffdf8bb000 	C:\Users\Prudhvi Myneni\AppData\Local\Temp\javacpp44557067035276\jniopencv_calib3d.dll
0x00007fffcdad0000 - 0x00007fffcdb9b000 	C:\Users\Prudhvi Myneni\AppData\Local\Temp\javacpp44557067035276\opencv_objdetect2411.dll
0x00007fffcdf00000 - 0x00007fffcdf6d000 	C:\Users\Prudhvi Myneni\AppData\Local\Temp\javacpp44557067035276\jniopencv_objdetect.dll
0x00007fffdefb0000 - 0x00007fffdefef000 	C:\Users\Prudhvi Myneni\AppData\Local\Temp\javacpp44557067035276\opencv_photo2411.dll
0x00007fffebcf0000 - 0x00007fffebcfd000 	C:\Users\Prudhvi Myneni\AppData\Local\Temp\javacpp44557067035276\jniopencv_photo.dll
0x00007fffcde20000 - 0x00007fffcdeb6000 	C:\Users\Prudhvi Myneni\AppData\Local\Temp\javacpp44557067035276\opencv_ml2411.dll
0x00007fffcdd20000 - 0x00007fffcddbe000 	C:\Users\Prudhvi Myneni\AppData\Local\Temp\javacpp44557067035276\jniopencv_ml.dll
0x00007fffcd8e0000 - 0x00007fffcd953000 	C:\Users\Prudhvi Myneni\AppData\Local\Temp\javacpp44557067035276\opencv_video2411.dll
0x00007fffd9c90000 - 0x00007fffd9cb8000 	C:\Users\Prudhvi Myneni\AppData\Local\Temp\javacpp44557067035276\jniopencv_video.dll
0x00007fffc9750000 - 0x00007fffc98c0000 	C:\Users\Prudhvi Myneni\AppData\Local\Temp\javacpp44557067035276\opencv_legacy2411.dll
0x00007fffc93f0000 - 0x00007fffc956a000 	C:\Users\Prudhvi Myneni\AppData\Local\Temp\javacpp44557067035276\jniopencv_legacy.dll
0x00007fffcd860000 - 0x00007fffcd8dd000 	C:\Users\Prudhvi Myneni\AppData\Local\Temp\javacpp44557067035276\opencv_gpu2411.dll
0x00007fffc2a70000 - 0x00007fffc2d65000 	C:\Users\Prudhvi Myneni\AppData\Local\Temp\javacpp44557067035276\opencv_ocl2411.dll
0x00007fffcd550000 - 0x00007fffcd5f6000 	C:\Users\Prudhvi Myneni\AppData\Local\Temp\javacpp44557067035276\opencv_nonfree2411.dll
0x00007fffdf1c0000 - 0x00007fffdf1d1000 	C:\Users\Prudhvi Myneni\AppData\Local\Temp\javacpp44557067035276\jniopencv_nonfree.dll
0x00007fffec030000 - 0x00007fffec0c6000 	C:\WINDOWS\system32\uxtheme.dll
0x00007fffd60b0000 - 0x00007fffd6152000 	C:\Program Files\Common Files\microsoft shared\ink\tiptsf.dll
0x00007fffeb460000 - 0x00007fffeb482000 	C:\WINDOWS\system32\dwmapi.dll
0x00007fffd6b40000 - 0x00007fffd6cca000 	C:\WINDOWS\SYSTEM32\dbghelp.dll

VM Arguments:
jvm_args: -Xmx2g -Didea.launcher.port=7533 -Didea.launcher.bin.path=C:\Program Files (x86)\JetBrains\IntelliJ IDEA Community Edition 14.1.4\bin -Dfile.encoding=windows-1252 
java_command: com.intellij.rt.execution.application.AppMain edu.umkc.ic.IPApp
java_class_path (initial): C:\Program Files\Java\jdk1.8.0_31\jre\lib\charsets.jar;C:\Program Files\Java\jdk1.8.0_31\jre\lib\deploy.jar;C:\Program Files\Java\jdk1.8.0_31\jre\lib\javaws.jar;C:\Program Files\Java\jdk1.8.0_31\jre\lib\jce.jar;C:\Program Files\Java\jdk1.8.0_31\jre\lib\jfr.jar;C:\Program Files\Java\jdk1.8.0_31\jre\lib\jfxswt.jar;C:\Program Files\Java\jdk1.8.0_31\jre\lib\jsse.jar;C:\Program Files\Java\jdk1.8.0_31\jre\lib\management-agent.jar;C:\Program Files\Java\jdk1.8.0_31\jre\lib\plugin.jar;C:\Program Files\Java\jdk1.8.0_31\jre\lib\resources.jar;C:\Program Files\Java\jdk1.8.0_31\jre\lib\rt.jar;C:\Program Files\Java\jdk1.8.0_31\jre\lib\ext\access-bridge-64.jar;C:\Program Files\Java\jdk1.8.0_31\jre\lib\ext\cldrdata.jar;C:\Program Files\Java\jdk1.8.0_31\jre\lib\ext\dnsns.jar;C:\Program Files\Java\jdk1.8.0_31\jre\lib\ext\jaccess.jar;C:\Program Files\Java\jdk1.8.0_31\jre\lib\ext\jfxrt.jar;C:\Program Files\Java\jdk1.8.0_31\jre\lib\ext\localedata.jar;C:\Program Files\Java\jdk1.8.0_31\jre\lib\ext\nashorn.jar;C:\Program Files\Java\jdk1.8.0_31\jre\lib\ext\sunec.jar;C:\Program Files\Java\jdk1.8.0_31\jre\lib\ext\sunjce_provider.jar;C:\Program Files\Java\jdk1.8.0_31\jre\lib\ext\sunmscapi.jar;C:\Program Files\Java\jdk1.8.0_31\jre\lib\ext\sunpkcs11.jar;C:\Program Files\Java\jdk1.8.0_31\jre\lib\ext\zipfs.jar;C:\Users\Prudhvi Myneni\Desktop\Feature Image Extraction\Tutorial 13 - Feature Extraction-2-Image\SparkIP\target\scala-2.11\classes;C:\Users\Prudhvi Myneni\.ivy2\cache\org.scala-lang\scala-library\jars\scala-library-2.11.7.jar;C:\Users\Prudhvi Myneni\.ivy2\cache\aopalliance\aopalliance\jars\aopalliance-1.0.jar;C:\Users\Prudhvi Myneni\.ivy2\cache\asm\asm\jars\asm-3.2.jar;C:\Users\Prudhvi Myneni\.ivy2\cache\com.clearspring.analytics\stream\jars\stream-2.7.0.jar;C:\Users\Prudhvi Myneni\.ivy2\cache\com.esotericsoftware.kryo\kryo\bundles\kryo-2.21.jar;C:\Users\Prudhvi Myneni\.ivy2\cache\com.esotericsoftware.minlog\minlog\jars\minlog-1.2.jar;C:\Users\Prudhvi Myneni\.ivy
Launcher Type: SUN_STANDARD

Environment Variables:
JAVA_HOME=C:\Progra~1\Java\jdk1.8.0_31
PATH=C:\ProgramData\Oracle\Java\javapath;C:\Program Files (x86)\Intel\iCLS Client\;C:\Program Files\Intel\iCLS Client\;C:\WINDOWS\system32;C:\WINDOWS;C:\WINDOWS\System32\Wbem;C:\WINDOWS\System32\WindowsPowerShell\v1.0\;C:\Program Files\Intel\Intel(R) Management Engine Components\DAL;C:\Program Files\Intel\Intel(R) Management Engine Components\IPT;C:\Program Files (x86)\Intel\Intel(R) Management Engine Components\DAL;C:\Program Files (x86)\Intel\Intel(R) Management Engine Components\IPT;C:\Program Files\Intel\WiFi\bin\;C:\Program Files\Common Files\Intel\WirelessCommon\;C:\Program Files (x86)\Skype\Phone\;C:\Progra~1\Java\jdk1.8.0_31;C:\Program Files\apache-maven-3.3.3\bin;C:\Program Files\Git\cmd; C:\Progra~1\Java\jdk1.8.0_31\bin;C:\Hadoop\bin;C:\Python27;C:\Program Files\Microsoft\Web Platform Installer\;C:\Program Files (x86)\Microsoft SDKs\Azure\CLI\wbin;C:\Program Files (x86)\sbt\bin;C:\Users\Prudhvi Myneni\AppData\Local\Programs\EmEditor
USERNAME=Prudhvi Myneni
OS=Windows_NT
PROCESSOR_IDENTIFIER=Intel64 Family 6 Model 69 Stepping 1, GenuineIntel



---------------  S Y S T E M  ---------------

OS: Windows 8.1 , 64 bit Build 9600 

CPU:total 4 (2 cores per cpu, 2 threads per core) family 6 model 69 stepping 1, cmov, cx8, fxsr, mmx, sse, sse2, sse3, ssse3, sse4.1, sse4.2, popcnt, avx, avx2, aes, clmul, erms, lzcnt, ht, tsc, tscinvbit, bmi1, bmi2

Memory: 4k page, physical 8310040k(2054564k free), swap 17222936k(6073984k free)

vm_info: Java HotSpot(TM) 64-Bit Server VM (25.31-b07) for windows-amd64 JRE (1.8.0_31-b13), built on Dec 17 2014 21:00:28 by "java_re" with MS VC++ 10.0 (VS2010)

time: Thu Oct 29 11:54:34 2015
elapsed time: 18 seconds (0d 0h 0m 18s)

